  15_anchors_footnotes_xrefs:
     67. G£ù [31mInline anchor without text[0m
     68. G£ù [31mInline anchor with text[0m
     69. G£ù [31mBlock anchor without text[0m
     70. G£ù [31mBlock anchor with text[0m
     71. G£ù [31mInternal cross-reference without text[0m
     72. G£ù [31mInternal cross-reference with text[0m
     73. G£ù [31mExternal cross-reference without text[0m
     74. G£ù [31mExternal cross-reference with text[0m
     75. G£ù [31mInline footnote[0m
     76. G£ù [31mReferenced footnote without text[0m
     77. G£ù [31mReferenced footnote with text[0m
     78. G£ù [31mFootnote reference without text[0m
     79. G£ù [31mFootnote reference with text[0m
     80. G£ù [31mMixed inline elements in paragraph[0m
     81. G£ù [31mAdjacent inline elements[0m
     82. G£ô [32mExample block content with anchor[0m
     83. G£ù [31mMalformed anchors should be plain text[0m
     84. G£ù [31mMalformed cross-references should be plain text[0m
     85. G£ù [31mMalformed footnotes should be plain text[0m
     86. G£ù [31mComplex cross-reference targets[0m

19 failures:

correct / [32mexpected[0m / [31munexpected[0m

  1. Inline anchor without text:

    (source_file
      (paragraph
[31m        content: (inline_seq_nonempty
[0m[31m          (plain_text)
[0m[31m          (ERROR)
[0m[31m          (inline_element
[0m[31m            (inline_anchor))
[0m[31m          (plain_text))))[0m
[32m        content: (inline_element
[0m[32m          (inline_anchor))[0m


  2. Inline anchor with text:

    (source_file
      (paragraph
[31m        content: (inline_seq_nonempty
[0m[31m          (plain_text)
[0m[31m          (ERROR)
[0m[31m          (inline_element
[0m[31m            (inline_anchor))
[0m[31m          (plain_text))))[0m
[32m        content: (inline_element
[0m[32m          (inline_anchor))[0m


  3. Block anchor without text:

    (source_file
      (paragraph
[31m        content: (inline_seq_nonempty
[0m[31m          (inline_element
[0m[31m            (inline_anchor))))
[0m[32m        content: (inline_element
[0m[32m          (inline_anchor)))
[0m      (section
        (section_level_2
          marker: (section_marker_2)
          title: (title)
[31m          content: (paragraph
[0m[31m            content: (inline_seq_nonempty
[0m[31m              (plain_text))))))[0m
[32m          content: (paragraph))[0m


  4. Block anchor with text:

    (source_file
      (paragraph
[31m        content: (inline_seq_nonempty
[0m[31m          (inline_element
[0m[31m            (inline_anchor))))
[0m[32m        content: (inline_element
[0m[32m          (inline_anchor)))
[0m      (section
        (section_level_2
          marker: (section_marker_2)
          title: (title)
[31m          content: (paragraph
[0m[31m            content: (inline_seq_nonempty
[0m[31m              (plain_text))))))[0m
[32m          content: (paragraph))[0m


  5. Internal cross-reference without text:

    (source_file
      (paragraph
[31m        content: (inline_seq_nonempty
[0m[31m          (plain_text)
[0m[31m          (ERROR)
[0m[31m          (inline_element
[0m[31m            (internal_xref))
[0m[31m          (plain_text))))[0m
[32m        content: (inline_element
[0m[32m          (internal_xref))[0m


  6. Internal cross-reference with text:

    (source_file
      (paragraph
[31m        content: (inline_seq_nonempty
[0m[31m          (plain_text)
[0m[31m          (ERROR)
[0m[31m          (inline_element
[0m[31m            (internal_xref))
[0m[31m          (plain_text))))[0m
[32m        content: (inline_element
[0m[32m          (internal_xref))[0m


  7. External cross-reference without text:

    (source_file
      (paragraph
[31m        content: (inline_seq_nonempty
[0m[31m          (plain_text)
[0m[31m          (ERROR)
[0m[31m          (formatting_fallback)
[0m[31m          (plain_text))))[0m
[32m        content: (inline_element
[0m[32m          (external_xref))[0m


  8. External cross-reference with text:

    (source_file
      (paragraph
[31m        content: (inline_seq_nonempty
[0m[31m          (plain_text)
[0m[31m          (ERROR)
[0m[31m          (plain_text)
[0m[31m          (formatting_fallback)
[0m[31m          (plain_text))))[0m
[32m        content: (inline_element
[0m[32m          (external_xref))[0m


  9. Inline footnote:

    (source_file
      (paragraph
[31m        content: (inline_seq_nonempty
[0m[31m          (plain_text)
[0m[31m          (ERROR)
[0m[31m          (plain_text)
[0m[31m          (formatting_fallback)
[0m[31m          (plain_text))))[0m
[32m        content: (inline_element
[0m[32m          (footnote_inline))[0m


  10. Referenced footnote without text:

    (source_file
      (paragraph
[31m        content: (inline_seq_nonempty
[0m[31m          (plain_text)
[0m[31m          (ERROR)
[0m[31m          (formatting_fallback)
[0m[31m          (plain_text))))[0m
[32m        content: (inline_element
[0m[32m          (footnote_ref))[0m


  11. Referenced footnote with text:

    (source_file
      (paragraph
[31m        content: (inline_seq_nonempty
[0m[31m          (plain_text)
[0m[31m          (ERROR)
[0m[31m          (plain_text)
[0m[31m          (formatting_fallback)
[0m[31m          (plain_text))))[0m
[32m        content: (inline_element
[0m[32m          (footnote_ref))[0m


  12. Footnote reference without text:

    (source_file
      (paragraph
[31m        content: (inline_seq_nonempty
[0m[31m          (plain_text)
[0m[31m          (ERROR)
[0m[31m          (formatting_fallback)
[0m[31m          (plain_text))))[0m
[32m        content: (inline_element
[0m[32m          (footnoteref))[0m


  13. Footnote reference with text:

    (source_file
      (paragraph
[31m        content: (inline_seq_nonempty
[0m[31m          (plain_text)
[0m[31m          (ERROR)
[0m[31m          (plain_text)
[0m[31m          (formatting_fallback)
[0m[31m          (plain_text))))[0m
[32m        content: (inline_element
[0m[32m          (footnoteref))[0m


  14. Mixed inline elements in paragraph:

    (source_file
      (paragraph
[31m        content: (inline_seq_nonempty
[0m[31m          (plain_text)
[0m[31m          (ERROR)
[0m[31m          (inline_element
[0m[31m            (inline_anchor))
[0m[31m          (plain_text)
[0m[31m          (ERROR)
[0m[31m          (inline_element
[0m[31m            (internal_xref))
[0m[31m          (plain_text)
[0m[31m          (ERROR)
[0m[31m          (plain_text)
[0m[31m          (formatting_fallback)
[0m[31m          (plain_text)
[0m[31m          (ERROR)
[0m[31m          (plain_text)
[0m[31m          (formatting_fallback)
[0m[31m          (plain_text))))[0m
[32m        content: (inline_element
[0m[32m          (inline_anchor))
[0m[32m        content: (inline_element
[0m[32m          (internal_xref))
[0m[32m        content: (inline_element
[0m[32m          (footnote_inline))
[0m[32m        content: (inline_element
[0m[32m          (external_xref))[0m


  15. Adjacent inline elements:

    (source_file
      (paragraph
[31m        content: (inline_seq_nonempty
[0m[31m          (plain_text)
[0m[31m          (inline_element
[0m[31m            (inline_anchor))
[0m[31m          (inline_element
[0m[31m            (internal_xref))
[0m[31m          (plain_text)
[0m[31m          (ERROR)
[0m[31m          (plain_text)
[0m[31m          (formatting_fallback)
[0m[31m          (plain_text))))[0m
[32m        content: (inline_element
[0m[32m          (inline_anchor))
[0m[32m        content: (inline_element
[0m[32m          (internal_xref))
[0m[32m        content: (inline_element
[0m[32m          (footnote_inline))[0m


  16. Malformed anchors should be plain text:

    (source_file
[31m      (paragraph
[0m[31m        content: (inline_seq_nonempty
[0m[31m          (plain_text)
[0m[31m          (ERROR)
[0m[31m          (plain_text)
[0m[31m          (formatting_fallback)
[0m[31m          (formatting_fallback)
[0m[31m          (plain_text)
[0m[31m          (ERROR)
[0m[31m          (plain_text))))[0m
[32m      (paragraph)[0m


  17. Malformed cross-references should be plain text:

    (source_file
[31m      (paragraph
[0m[31m        content: (inline_seq_nonempty
[0m[31m          (plain_text)
[0m[31m          (ERROR)
[0m[31m          (formatting_fallback)
[0m[31m          (formatting_fallback)
[0m[31m          (plain_text)
[0m[31m          (formatting_fallback)
[0m[31m          (formatting_fallback)
[0m[31m          (plain_text)))
[0m[31m      (ERROR
[0m[31m        (comment_line)))[0m
[32m      (paragraph)[0m


  18. Malformed footnotes should be plain text:

    (source_file
[31m      (paragraph
[0m[31m        content: (inline_seq_nonempty
[0m[31m          (plain_text)
[0m[31m          (ERROR)
[0m[31m          (plain_text)
[0m[31m          (formatting_fallback)
[0m[31m          (plain_text)
[0m[31m          (ERROR)
[0m[31m          (plain_text))))[0m
[32m      (paragraph)[0m


  19. Complex cross-reference targets:

    (source_file
      (paragraph
[31m        content: (inline_seq_nonempty
[0m[31m          (plain_text)
[0m[31m          (ERROR)
[0m[31m          (plain_text)
[0m[31m          (formatting_fallback)
[0m[31m          (plain_text))))[0m
[32m        (inline_element
[0m[32m          (external_xref))[0m

