  16_paragraph_admonitions:
     93. G£ù [31mNOTE paragraph admonition[0m
     94. G£ù [31mTIP paragraph admonition[0m
     95. G£ù [31mIMPORTANT paragraph admonition[0m
     96. G£ù [31mWARNING paragraph admonition[0m
     97. G£ù [31mCAUTION paragraph admonition[0m
     98. G£ù [31mNOTE paragraph with inline elements[0m
     99. G£ù [31mEmpty NOTE paragraph[0m
    100. G£ù [31mNot an admonition - lowercase label[0m
    101. G£ù [31mNot an admonition - missing space after colon[0m
    102. G£ù [31mNot an admonition - invalid label[0m
    103. G£ù [31mMultiple admonition paragraphs[0m
    104. G£ù [31mAdmonition paragraph in section[0m

12 failures:

correct / [32mexpected[0m / [31munexpected[0m

  1. NOTE paragraph admonition:

    (source_file
      (paragraph
        (paragraph_admonition
[31m          label: (admonition_label)
[0m[31m          content: (inline_seq_nonempty
[0m[31m            (plain_text)))))[0m
[32m          type: (admonition_type))[0m


  2. TIP paragraph admonition:

    (source_file
      (paragraph
        (paragraph_admonition
[31m          label: (admonition_label)
[0m[31m          content: (inline_seq_nonempty
[0m[31m            (plain_text)))))[0m
[32m          type: (admonition_type))[0m


  3. IMPORTANT paragraph admonition:

    (source_file
      (paragraph
        (paragraph_admonition
[31m          label: (admonition_label)
[0m[31m          content: (inline_seq_nonempty
[0m[31m            (plain_text)))))[0m
[32m          type: (admonition_type))[0m


  4. WARNING paragraph admonition:

    (source_file
      (paragraph
        (paragraph_admonition
[31m          label: (admonition_label)
[0m[31m          content: (inline_seq_nonempty
[0m[31m            (plain_text)))))[0m
[32m          type: (admonition_type))[0m


  5. CAUTION paragraph admonition:

    (source_file
      (paragraph
        (paragraph_admonition
[31m          label: (admonition_label)
[0m[31m          content: (inline_seq_nonempty
[0m[31m            (plain_text)))))[0m
[32m          type: (admonition_type))[0m


  6. NOTE paragraph with inline elements:

    (source_file
      (paragraph
        (paragraph_admonition
[31m          label: (admonition_label)
[0m[31m          content: (inline_seq_nonempty
[0m[31m            (plain_text)
[0m[31m            (ERROR)
[0m[31m            (inline_element
[0m[31m              (strong
[0m[31m                open: (strong_open)
[0m[31m                content: (strong_content)
[0m[31m                close: (strong_close)))
[0m[31m            (plain_text)))))[0m
[32m          type: (admonition_type)
[0m[32m          content: (inline_element
[0m[32m            (strong
[0m[32m              open: (strong_open)
[0m[32m              content: (strong_content)
[0m[32m              close: (strong_close)))[0m


  7. Empty NOTE paragraph:

    (source_file
      (paragraph
        (paragraph_admonition
[31m          label: (admonition_label)
[0m[31m          content: (inline_seq_nonempty
[0m[31m            (plain_text
[0m[31m              (MISSING _plain_text_segment))))))[0m
[32m          type: (admonition_type))))[0m


  8. Not an admonition - lowercase label:

    (source_file
[31m      (paragraph
[0m[31m        content: (inline_seq_nonempty
[0m[31m          (plain_text))))[0m
[32m      (paragraph)[0m


  9. Not an admonition - missing space after colon:

    (source_file
      (paragraph
[31m        content: (inline_seq_nonempty
[0m[31m          (plain_text))))[0m
[32m        (paragraph_admonition
[0m[32m          type: (admonition_type))[0m


  10. Not an admonition - invalid label:

    (source_file
[31m      (paragraph
[0m[31m        content: (inline_seq_nonempty
[0m[31m          (plain_text))))[0m
[32m      (paragraph)[0m


  11. Multiple admonition paragraphs:

    (source_file
      (paragraph
        (paragraph_admonition
[31m          label: (admonition_label)
[0m[31m          content: (inline_seq_nonempty
[0m[31m            (plain_text))))
[0m[31m      (paragraph
[0m[31m        (paragraph_admonition
[0m[31m          label: (admonition_label)
[0m[31m          content: (inline_seq_nonempty
[0m[31m            (plain_text))))
[0m[31m      (paragraph
[0m[31m        (paragraph_admonition
[0m[31m          label: (admonition_label)
[0m[31m          content: (inline_seq_nonempty
[0m[31m            (plain_text)))))[0m
[32m          type: (admonition_type)
[0m[32m          (paragraph
[0m[32m            (paragraph_admonition
[0m[32m              type: (admonition_type)
[0m[32m              (paragraph
[0m[32m                (paragraph_admonition
[0m[32m                  type: (admonition_type))[0m


  12. Admonition paragraph in section:

    (source_file
      (section
        (section_level_2
          marker: (section_marker_2)
          title: (title)
          content: (paragraph
            (paragraph_admonition
[31m              label: (admonition_label)
[0m[31m              content: (inline_seq_nonempty
[0m[31m                (plain_text))))
[0m[31m          content: (paragraph
[0m[31m            content: (inline_seq_nonempty
[0m[31m              (plain_text))))))[0m
[32m              type: (admonition_type)
[0m[32m              content: (paragraph))[0m

