  17_block_admonitions:
    105. G£ô [32mThis is a note block with example content.[0m
    106. G£ù [31mTIP block with sidebar delimiters[0m
    107. G£ù [31mIMPORTANT block with quote delimiters[0m
    108. G£ù [31mWARNING block with listing delimiters[0m
    109. G£ù [31mCAUTION block with literal delimiters[0m
    110. G£ù [31mTIP block with metadata[0m
    111. G£ô [32mThis warning block has an anchor.[0m
    112. G£ù [31mNot an admonition block - no delimited block following[0m

6 failures:

correct / [32mexpected[0m / [31munexpected[0m

  1. TIP block with sidebar delimiters:

    (source_file
      (block_admonition
[31m        type: (admonition_attribute
[0m[31m          (ATTRIBUTE_LIST_START))
[0m[32m        type: (admonition_attribute)
[0m        block: (sidebar_block
          (sidebar_open
            (SIDEBAR_FENCE_START))
          (block_content
            (content_line
              (DELIMITED_BLOCK_CONTENT_LINE))
            (content_line
              (DELIMITED_BLOCK_CONTENT_LINE)))
          (sidebar_close
            (SIDEBAR_FENCE_END)))))


  2. IMPORTANT block with quote delimiters:

    (source_file
      (block_admonition
[31m        type: (admonition_attribute
[0m[31m          (ATTRIBUTE_LIST_START))
[0m[32m        type: (admonition_attribute)
[0m        block: (asciidoc_blockquote
          open: (asciidoc_blockquote_open
            (QUOTE_FENCE_START))
          content: (block_content
            (content_line
              (DELIMITED_BLOCK_CONTENT_LINE))
            (content_line
              (DELIMITED_BLOCK_CONTENT_LINE)))
          close: (asciidoc_blockquote_close
            (QUOTE_FENCE_END)))))


  3. WARNING block with listing delimiters:

    (source_file
      (block_admonition
[31m        type: (admonition_attribute
[0m[31m          (ATTRIBUTE_LIST_START))
[0m[32m        type: (admonition_attribute)
[0m        block: (listing_block
          open: (listing_open
            (LISTING_FENCE_START))
          content: (block_content
            (content_line
              (DELIMITED_BLOCK_CONTENT_LINE))
            (content_line
              (DELIMITED_BLOCK_CONTENT_LINE)))
          close: (listing_close
            (LISTING_FENCE_END)))))


  4. CAUTION block with literal delimiters:

    (source_file
      (block_admonition
[31m        type: (admonition_attribute
[0m[31m          (ATTRIBUTE_LIST_START))
[0m[32m        type: (admonition_attribute)
[0m        block: (literal_block
          open: (literal_open
            (LITERAL_FENCE_START))
          content: (block_content
            (content_line
              (DELIMITED_BLOCK_CONTENT_LINE))
            (content_line
              (DELIMITED_BLOCK_CONTENT_LINE))
            (content_line
              (DELIMITED_BLOCK_CONTENT_LINE)))
          close: (literal_close
            (LITERAL_FENCE_END)))))


  5. TIP block with metadata:

    (source_file
[31m      (paragraph
[0m[31m        (metadata
[0m[31m          (block_attributes
[0m[31m            (ATTRIBUTE_LIST_START)))
[0m[31m        content: (inline_seq_nonempty
[0m[31m          (plain_text)))
[0m      (block_admonition
[31m        type: (admonition_attribute
[0m[31m          (ATTRIBUTE_LIST_START))
[0m[32m        type: (admonition_attribute)
[0m        block: (listing_block
          (metadata
[31m            (block_attributes
[0m[31m              (ATTRIBUTE_LIST_START)))
[0m[32m            (block_title)
[0m[32m            (block_attributes)
[0m[32m            (block_attributes))
[0m          open: (listing_open
            (LISTING_FENCE_START))
          content: (block_content
            (content_line
              (DELIMITED_BLOCK_CONTENT_LINE)))
          close: (listing_close
            (LISTING_FENCE_END)))))


  6. Not an admonition block - no delimited block following:

    (source_file
      (paragraph
        (metadata
[31m          (block_attributes
[0m[31m            (ATTRIBUTE_LIST_START)))
[0m[31m        content: (inline_seq_nonempty
[0m[31m          (plain_text))))[0m
[32m          (block_attributes))[0m

