  18_basic_formatting:
    113. G£ù [31mSimple strong formatting[0m
    114. G£ù [31mSimple emphasis formatting[0m
    115. G£ù [31mSimple monospace formatting[0m
    116. G£ù [31mUnclosed formatting should be plain text[0m
    117. G£ù [31mMixed formatting elements[0m
    118. G£ù [31mSimple superscript and subscript[0m

6 failures:

correct / [32mexpected[0m / [31munexpected[0m

  1. Simple strong formatting:

    (source_file
      (paragraph
[31m        content: (inline_seq_nonempty
[0m[31m          (plain_text)
[0m[31m          (ERROR)
[0m[31m          (inline_element
[0m[31m            (strong
[0m[31m              open: (strong_open)
[0m[31m              content: (strong_content)
[0m[31m              close: (strong_close)))
[0m[31m          (plain_text))))[0m
[32m        content: (inline_element
[0m[32m          (strong
[0m[32m            open: (strong_open)
[0m[32m            content: (strong_content)
[0m[32m            close: (strong_close)))[0m


  2. Simple emphasis formatting:

    (source_file
      (paragraph
[31m        content: (inline_seq_nonempty
[0m[31m          (plain_text))))[0m
[32m        content: (inline_element
[0m[32m          (emphasis
[0m[32m            open: (emphasis_open)
[0m[32m            content: (emphasis_content)
[0m[32m            close: (emphasis_close)))[0m


  3. Simple monospace formatting:

    (source_file
      (paragraph
[31m        content: (inline_seq_nonempty
[0m[31m          (plain_text)
[0m[31m          (ERROR)
[0m[31m          (inline_element
[0m[31m            (monospace
[0m[31m              open: (monospace_open)
[0m[31m              content: (monospace_content)
[0m[31m              close: (monospace_close)))
[0m[31m          (plain_text))))[0m
[32m        content: (inline_element
[0m[32m          (monospace
[0m[32m            open: (monospace_open)
[0m[32m            content: (monospace_content)
[0m[32m            close: (monospace_close)))[0m


  4. Unclosed formatting should be plain text:

    (source_file
[31m      (paragraph
[0m[31m        content: (inline_seq_nonempty
[0m[31m          (plain_text))
[0m[31m        (ERROR
[0m[31m          (strong_open))))[0m
[32m      (paragraph)[0m


  5. Mixed formatting elements:

    (source_file
      (paragraph
[31m        content: (inline_seq_nonempty
[0m[31m          (plain_text)
[0m[31m          (ERROR)
[0m[31m          (inline_element
[0m[31m            (strong
[0m[31m              open: (strong_open)
[0m[31m              content: (strong_content)
[0m[31m              close: (strong_close)))
[0m[31m          (plain_text)
[0m[31m          (ERROR)
[0m[31m          (inline_element
[0m[31m            (monospace
[0m[31m              open: (monospace_open)
[0m[31m              content: (monospace_content)
[0m[31m              close: (monospace_close)))
[0m[31m          (plain_text))))[0m
[32m        content: (inline_element
[0m[32m          (strong
[0m[32m            open: (strong_open)
[0m[32m            content: (strong_content)
[0m[32m            close: (strong_close)))
[0m[32m        content: (inline_element
[0m[32m          (emphasis
[0m[32m            open: (emphasis_open)
[0m[32m            content: (emphasis_content)
[0m[32m            close: (emphasis_close)))
[0m[32m        content: (inline_element
[0m[32m          (monospace
[0m[32m            open: (monospace_open)
[0m[32m            content: (monospace_content)
[0m[32m            close: (monospace_close)))[0m


  6. Simple superscript and subscript:

    (source_file
      (paragraph
[31m        content: (inline_seq_nonempty
[0m[31m          (plain_text)
[0m[31m          (ERROR)
[0m[31m          (inline_element
[0m[31m            (subscript
[0m[31m              open: (subscript_open)
[0m[31m              content: (subscript_text)
[0m[31m              close: (subscript_close)))
[0m[31m          (plain_text))))[0m
[32m        content: (inline_element
[0m[32m          (superscript
[0m[32m            open: (superscript_open)
[0m[32m            content: (superscript_text)
[0m[32m            close: (superscript_close)))
[0m[32m        content: (inline_element
[0m[32m          (subscript
[0m[32m            open: (subscript_open)
[0m[32m            content: (subscript_text)
[0m[32m            close: (subscript_close)))[0m

