  19_inline_formatting:
    119. G£ù [31mBasic inline formatting[0m
    120. G£ù [31mSuperscript and subscript[0m
    121. G£ù [31mNested formatting[0m
    122. G£ù [31mAttribute references[0m
    123. G£ù [31mAuto links[0m
    124. G£ù [31mLinks with text[0m
    125. G£ù [31mPassthrough[0m

7 failures:

correct / [32mexpected[0m / [31munexpected[0m

  1. Basic inline formatting:

    (source_file
      (paragraph
[31m        content: (inline_seq_nonempty
[0m[31m          (plain_text)
[0m[31m          (ERROR)
[0m[31m          (inline_element
[0m[31m            (strong
[0m[31m              open: (strong_open)
[0m[31m              content: (strong_content)
[0m[31m              close: (strong_close)))
[0m[31m          (plain_text)
[0m[31m          (ERROR)
[0m[31m          (inline_element
[0m[31m            (monospace
[0m[31m              open: (monospace_open)
[0m[31m              content: (monospace_content)
[0m[31m              close: (monospace_close)))
[0m[31m          (plain_text))))[0m
[32m        content: (inline_element
[0m[32m          (strong
[0m[32m            open: (strong_open)
[0m[32m            content: (strong_content)
[0m[32m            close: (strong_close)))
[0m[32m        content: (inline_element
[0m[32m          (emphasis
[0m[32m            open: (emphasis_open)
[0m[32m            content: (emphasis_content)
[0m[32m            close: (emphasis_close)))
[0m[32m        content: (inline_element
[0m[32m          (monospace
[0m[32m            open: (monospace_open)
[0m[32m            content: (monospace_content)
[0m[32m            close: (monospace_close)))[0m


  2. Superscript and subscript:

    (source_file
      (paragraph
[31m        content: (inline_seq_nonempty
[0m[31m          (plain_text)
[0m[31m          (inline_element
[0m[31m            (subscript
[0m[31m              open: (subscript_open)
[0m[31m              content: (subscript_text)
[0m[31m              close: (subscript_close)))
[0m[31m          (plain_text))))[0m
[32m        content: (inline_element
[0m[32m          (superscript
[0m[32m            open: (superscript_open)
[0m[32m            content: (superscript_text)
[0m[32m            close: (superscript_close)))
[0m[32m        content: (inline_element
[0m[32m          (subscript
[0m[32m            open: (subscript_open)
[0m[32m            content: (subscript_text)
[0m[32m            close: (subscript_close)))[0m


  3. Nested formatting:

    (source_file
      (paragraph
[31m        content: (inline_seq_nonempty
[0m[31m          (plain_text)
[0m[31m          (ERROR)
[0m[31m          (inline_element
[0m[31m            (strong
[0m[31m              open: (strong_open)
[0m[31m              content: (strong_content)
[0m[31m              close: (strong_close)))
[0m[31m          (plain_text))))[0m
[32m        content: (inline_element
[0m[32m          (strong
[0m[32m            open: (strong_open)
[0m[32m            content: (strong_content)
[0m[32m            close: (strong_close)))[0m


  4. Attribute references:

    (source_file
      (paragraph
[31m        content: (inline_seq_nonempty
[0m[31m          (plain_text))))[0m
[32m        (inline_element
[0m[32m          (attribute_reference))
[0m[32m        (inline_element
[0m[32m          (attribute_reference))[0m


  5. Auto links:

    (source_file
      (paragraph
[31m        content: (inline_seq_nonempty
[0m[31m          (plain_text))))[0m
[32m        (inline_element
[0m[32m          (auto_link))[0m


  6. Links with text:

    (source_file
      (paragraph
[31m        content: (inline_seq_nonempty
[0m[31m          (plain_text)
[0m[31m          (ERROR)
[0m[31m          (plain_text)
[0m[31m          (formatting_fallback)
[0m[31m          (plain_text))))[0m
[32m        content: (inline_element
[0m[32m          (explicit_link
[0m[32m            url: (auto_link)
[0m[32m            text: (link_text)))[0m


  7. Passthrough:

    (source_file
      (paragraph
[31m        content: (inline_seq_nonempty
[0m[31m          (plain_text)
[0m[31m          (inline_element
[0m[31m            (strong
[0m[31m              open: (strong_open)
[0m[31m              content: (strong_content)
[0m[31m              close: (strong_close)))
[0m[31m          (plain_text))))[0m
[32m        (inline_element
[0m[32m          (passthrough_triple_plus))[0m

