  21_block_edge_cases:
    139. G£ù [31mNested delimited blocks[0m
    140. G£ù [31mComplex table structures[0m
    141. G£ù [31mExample block as continuation.[0m
    142. G£ù [31mConditional blocks with nesting[0m
    143. G£ù [31mComplex admonition combinations[0m
    144. G£ù [31mSection nesting with anchors[0m
    145. G£ù [31mAttribute edge cases with references[0m

7 failures:

correct / [32mexpected[0m / [31munexpected[0m

  1. Nested delimited blocks:

    (source_file
      (example_block
[31m        open: (example_open
[0m[32m        (example_open
[0m          (EXAMPLE_FENCE_START))
[31m        content: (block_content
[0m[32m        (block_content
[0m[32m          (content_line
[0m[32m            (DELIMITED_BLOCK_CONTENT_LINE))
[0m[32m          (content_line
[0m[32m            (DELIMITED_BLOCK_CONTENT_LINE))
[0m          (content_line
            (DELIMITED_BLOCK_CONTENT_LINE))
          (content_line
            (DELIMITED_BLOCK_CONTENT_LINE))
          (content_line
            (DELIMITED_BLOCK_CONTENT_LINE))
          (content_line
            (DELIMITED_BLOCK_CONTENT_LINE))
          (content_line
            (DELIMITED_BLOCK_CONTENT_LINE))
          (content_line
            (DELIMITED_BLOCK_CONTENT_LINE)))
[31m        close: (example_close
[0m[32m        (example_close
[0m          (EXAMPLE_FENCE_END))))


  2. Complex table structures:

    (source_file
      (table_block
[31m        metadata: (metadata
[0m[31m          (block_attributes
[0m[31m            (ATTRIBUTE_LIST_START)))
[0m[32m        (metadata
[0m[32m          (block_attributes))
[0m        open: (table_open
          (TABLE_FENCE_START))
        content: (table_content
          (table_row
            (table_cell
              content: (cell_content
                (cell_literal_text)))
            (table_cell
              content: (cell_content
                (cell_literal_text)))
            (table_cell
              content: (cell_content
                (cell_literal_text))))
          (content_line)
          (table_row
            (table_cell
              content: (cell_content
                (cell_literal_text))))
          (table_row
            (table_cell
              content: (cell_content
                (cell_literal_text))))
          (table_row
            (table_cell
              content: (cell_content
                (cell_literal_text))))
          (content_line)
          (content_line)
          (table_row
            (table_cell
              content: (cell_content
                (cell_literal_text))))
          (content_line)
          (table_row
            (table_cell
              content: (cell_content
                (cell_literal_text)))
            (table_cell
              content: (cell_content
                (cell_literal_text)))
            (table_cell
              content: (cell_content
                (cell_literal_text)))))
        close: (table_close
          (TABLE_FENCE_END))))


  3. Example block as continuation.:

    (source_file
      (ordered_list
        (ordered_list_item
[31m          content: (inline_seq_nonempty
[0m[31m            (plain_text))))
[0m[31m      (ordered_list
[0m[31m        (ordered_list_item
[0m[31m          content: (inline_seq_nonempty
[0m[31m            (plain_text))
[0m[31m          content: (inline_seq_nonempty
[0m[31m            (plain_text))))
[0m[31m      (open_block
[0m[31m        open: (openblock_open
[0m[31m          (OPENBLOCK_FENCE_START))
[0m[31m        content: (block_content
[0m[31m          (content_line
[0m[31m            (DELIMITED_BLOCK_CONTENT_LINE)))
[0m[31m        close: (openblock_close
[0m[31m          (OPENBLOCK_FENCE_END))))[0m
[32m          (ordered_list
[0m[32m            (ordered_list_item
[0m[32m              (list_item_continuation
[0m[32m                (LIST_CONTINUATION)
[0m[32m                (open_block
[0m[32m                  open: (openblock_open
[0m[32m                    (OPENBLOCK_FENCE_START))
[0m[32m                  content: (block_content
[0m[32m                    (content_line
[0m[32m                      (DELIMITED_BLOCK_CONTENT_LINE)))
[0m[32m                  close: (openblock_close
[0m[32m                    (OPENBLOCK_FENCE_END)))))))[0m


  4. Conditional blocks with nesting:

    (source_file
      (conditional_block
        (ifdef_block
          directive: (ifdef_open)
          content: (paragraph
[31m            content: (inline_seq_nonempty
[0m[31m              (plain_text)))
[0m[31m          content: (conditional_block
[0m[31m            (ifndef_block
[0m[31m              directive: (ifndef_open)
[0m[31m              content: (paragraph
[0m[31m                content: (inline_seq_nonempty
[0m[31m                  (plain_text)))
[0m[31m              content: (conditional_block
[0m[31m                (ifeval_block
[0m[31m                  directive: (ifeval_open)
[0m[32m            content: (conditional_block
[0m[32m              (ifndef_block
[0m[32m                directive: (ifndef_open)
[0m[32m                content: (paragraph
[0m[32m                  content: (conditional_block
[0m[32m                    (ifeval_block
[0m[32m                      directive: (ifeval_open)
[0m[32m                      content: (paragraph
[0m[32m                        end: (endif_directive)))
[0m[32m                    content: (paragraph
[0m[32m                      end: (endif_directive)))
[0m                  content: (paragraph
[31m                    content: (inline_seq_nonempty
[0m[31m                      (plain_text)))
[0m[31m                  end: (endif_directive)))
[0m[31m              content: (paragraph
[0m[31m                content: (inline_seq_nonempty
[0m[31m                  (plain_text)))
[0m[31m              end: (endif_directive)))
[0m[31m          content: (paragraph
[0m[31m            content: (inline_seq_nonempty
[0m[31m              (plain_text)))
[0m[31m          end: (endif_directive)))
[0m[31m      (paragraph
[0m[31m        content: (inline_seq_nonempty
[0m[31m          (plain_text))))[0m
[32m                    end: (endif_directive)))
[0m[32m                (paragraph))[0m


  5. Complex admonition combinations:

    (source_file
      (paragraph
        (paragraph_admonition
[31m          label: (admonition_label)
[0m[31m          content: (inline_seq_nonempty
[0m[31m            (plain_text))))
[0m[31m      (block_admonition
[0m[31m        type: (admonition_attribute
[0m[31m          (ATTRIBUTE_LIST_START))
[0m[31m        block: (example_block
[0m[31m          open: (example_open
[0m[31m            (EXAMPLE_FENCE_START))
[0m[31m          content: (block_content
[0m[31m            (content_line
[0m[31m              (DELIMITED_BLOCK_CONTENT_LINE))
[0m[31m            (content_line
[0m[31m              (DELIMITED_BLOCK_CONTENT_LINE)))
[0m[31m          close: (example_close
[0m[31m            (EXAMPLE_FENCE_END))))
[0m[31m      (block_admonition
[0m[31m        type: (admonition_attribute
[0m[31m          (ATTRIBUTE_LIST_START))
[0m[31m        block: (open_block
[0m[31m          open: (openblock_open
[0m[31m            (OPENBLOCK_FENCE_START))
[0m[31m          content: (block_content
[0m[31m            (content_line
[0m[31m              (DELIMITED_BLOCK_CONTENT_LINE))
[0m[31m            (content_line
[0m[31m              (DELIMITED_BLOCK_CONTENT_LINE))
[0m[31m            (content_line
[0m[31m              (DELIMITED_BLOCK_CONTENT_LINE))
[0m[31m            (content_line
[0m[31m              (DELIMITED_BLOCK_CONTENT_LINE)))
[0m[31m          close: (openblock_close
[0m[31m            (OPENBLOCK_FENCE_END)))))[0m
[32m          (admonition_type)
[0m[32m          (block_admonition
[0m[32m            (admonition_attribute)
[0m[32m            (example_block
[0m[32m              (example_open
[0m[32m                (EXAMPLE_FENCE_START))
[0m[32m              (block_content
[0m[32m                (content_line
[0m[32m                  (DELIMITED_BLOCK_CONTENT_LINE))
[0m[32m                (content_line
[0m[32m                  (DELIMITED_BLOCK_CONTENT_LINE))
[0m[32m                (content_line
[0m[32m                  (DELIMITED_BLOCK_CONTENT_LINE)))
[0m[32m              (example_close
[0m[32m                (EXAMPLE_FENCE_END))))
[0m[32m          (block_admonition
[0m[32m            (admonition_attribute)
[0m[32m            (open_block
[0m[32m              (openblock_open
[0m[32m                (OPENBLOCK_FENCE_START))
[0m[32m              (block_content
[0m[32m                (content_line
[0m[32m                  (DELIMITED_BLOCK_CONTENT_LINE))
[0m[32m                (content_line
[0m[32m                  (DELIMITED_BLOCK_CONTENT_LINE))
[0m[32m                (content_line
[0m[32m                  (DELIMITED_BLOCK_CONTENT_LINE))
[0m[32m                (content_line
[0m[32m                  (DELIMITED_BLOCK_CONTENT_LINE))
[0m[32m                (content_line
[0m[32m                  (DELIMITED_BLOCK_CONTENT_LINE))
[0m[32m                (content_line
[0m[32m                  (DELIMITED_BLOCK_CONTENT_LINE)))
[0m[32m              (openblock_close
[0m[32m                (OPENBLOCK_FENCE_END)))))[0m


  6. Section nesting with anchors:

    (source_file
      (section
        (section_level_1
          marker: (section_marker_1)
          title: (title)
          content: (paragraph
[31m            content: (inline_seq_nonempty
[0m[31m              (inline_element
[0m[31m                (inline_anchor))))
[0m[32m            content: (inline_element
[0m[32m              (inline_anchor)))
[0m          content: (section_level_2
            marker: (section_marker_2)
            title: (title)
[31m            content: (paragraph
[0m[31m              content: (inline_seq_nonempty
[0m[31m                (plain_text)))
[0m            content: (paragraph
[31m              content: (inline_seq_nonempty
[0m[31m                (inline_element
[0m[31m                  (inline_anchor))))
[0m[31m            content: (section_level_3
[0m[31m              marker: (section_marker_3)
[0m[31m              title: (title)
[0m[31m              content: (paragraph
[0m[31m                content: (inline_seq_nonempty
[0m[31m                  (plain_text)))
[0m              content: (paragraph
[31m                content: (inline_seq_nonempty
[0m[31m                  (inline_element
[0m[31m                    (inline_anchor))))
[0m[31m              content: (section_level_4
[0m[31m                marker: (section_marker_4)
[0m[32m                content: (inline_element
[0m[32m                  (inline_anchor)))
[0m[32m              content: (section_level_3
[0m[32m                marker: (section_marker_3)
[0m                title: (title)
                content: (paragraph
[31m                  content: (inline_seq_nonempty
[0m[31m                    (plain_text))))))
[0m[31m          content: (section_level_2
[0m[31m            marker: (section_marker_2)
[0m[31m            title: (title)
[0m[31m            content: (paragraph
[0m[31m              content: (inline_seq_nonempty
[0m[31m                (plain_text)))))))[0m
[32m                  content: (paragraph
[0m[32m                    content: (inline_element
[0m[32m                      (inline_anchor)))
[0m[32m                  content: (section_level_4
[0m[32m                    marker: (section_marker_4)
[0m[32m                    title: (title)
[0m[32m                    content: (paragraph
[0m[32m                      content: (section_level_2
[0m[32m                        marker: (section_marker_2)
[0m[32m                        title: (title)
[0m[32m                        content: (paragraph))[0m


  7. Attribute edge cases with references:

    (source_file
      (attribute_entry
[31m        value: (attribute_value))
[0m[32m        (attribute_value))
[0m      (attribute_entry
[31m        value: (attribute_value))
[0m[32m        (attribute_value))
[0m      (attribute_entry
[31m        value: (attribute_value))
[0m[32m        (attribute_value))
[0m      (paragraph
[31m        content: (inline_seq_nonempty
[0m[31m          (plain_text))
[0m[31m        content: (inline_seq_nonempty
[0m[31m          (plain_text))
[0m[31m        content: (inline_seq_nonempty
[0m[31m          (plain_text)))
[0m[32m        (inline_element
[0m[32m          (attribute_reference)))
[0m[32m      (paragraph
[0m[32m        (inline_element
[0m[32m          (attribute_reference)))
[0m[32m      (paragraph
[0m[32m        (inline_element
[0m[32m          (attribute_reference)))
[0m      (attribute_entry)
      (attribute_entry)
      (paragraph
[31m        content: (inline_seq_nonempty
[0m[31m          (plain_text))
[0m[31m        content: (inline_seq_nonempty
[0m[31m          (plain_text))
[0m[31m        content: (inline_seq_nonempty
[0m[31m          (plain_text))))[0m
[32m        (inline_element
[0m[32m          (attribute_reference)))
[0m[32m      (paragraph
[0m[32m        (inline_element
[0m[32m          (attribute_reference)))
[0m[32m      (paragraph
[0m[32m        (inline_element
[0m[32m          (attribute_reference))))[0m

