  22_macros_roles:
    150. G£ù [31mRole spans[0m
    151. G£ù [31mRole spans with nested formatting[0m
    152. G£ù [31mMath macros[0m
    153. G£ù [31mUI macros[0m
    154. G£ù [31mAttribute references[0m

5 failures:

correct / [32mexpected[0m / [31munexpected[0m

  1. Role spans:

    (source_file
[31m      (paragraph
[0m[31m        content: (inline_seq_nonempty
[0m[31m          (plain_text
[0m[31m            (ERROR))
[0m[31m          (formatting_fallback)
[0m[31m          (plain_text))))[0m
[32m      (paragraph)[0m


  2. Role spans with nested formatting:

    (source_file
      (paragraph
[31m        content: (inline_seq_nonempty
[0m[31m          (plain_text
[0m[31m            (ERROR))
[0m[31m          (formatting_fallback)
[0m[31m          (plain_text)
[0m[31m          (inline_element
[0m[31m            (strong
[0m[31m              open: (strong_open)
[0m[31m              content: (strong_content)
[0m[31m              close: (strong_close)))
[0m[31m          (plain_text))))[0m
[32m        content: (inline_element
[0m[32m          (strong
[0m[32m            open: (strong_open)
[0m[32m            content: (strong_content)
[0m[32m            close: (strong_close)))
[0m[32m        content: (inline_element
[0m[32m          (emphasis
[0m[32m            open: (emphasis_open)
[0m[32m            content: (emphasis_content)
[0m[32m            close: (emphasis_close)))[0m


  3. Math macros:

    (source_file
      (paragraph
[31m        content: (inline_seq_nonempty
[0m[31m          (plain_text)
[0m[31m          (ERROR)
[0m[31m          (plain_text)
[0m[31m          (formatting_fallback)
[0m[31m          (plain_text))
[0m[31m        content: (inline_seq_nonempty
[0m[31m          (plain_text)
[0m[31m          (ERROR)
[0m[31m          (escaped_char)
[0m[31m          (plain_text)
[0m[31m          (formatting_fallback)
[0m[31m          (plain_text)
[0m[31m          (ERROR)
[0m[31m          (plain_text)
[0m[31m          (formatting_fallback)
[0m[31m          (plain_text))))[0m
[32m        content: (inline_element
[0m[32m          (math_macro
[0m[32m            (stem_inline)))
[0m[32m        (paragraph
[0m[32m          content: (inline_element
[0m[32m            (math_macro
[0m[32m              (latexmath_inline)))
[0m[32m          content: (inline_element
[0m[32m            (math_macro
[0m[32m              (asciimath_inline)))[0m


  4. UI macros:

    (source_file
      (paragraph
[31m        content: (inline_seq_nonempty
[0m[31m          (plain_text)
[0m[31m          (ERROR)
[0m[31m          (plain_text)
[0m[31m          (formatting_fallback)
[0m[31m          (plain_text)
[0m[31m          (ERROR)
[0m[31m          (plain_text)
[0m[31m          (formatting_fallback)
[0m[31m          (plain_text))
[0m[31m        content: (inline_seq_nonempty
[0m[31m          (plain_text)
[0m[31m          (ERROR)
[0m[31m          (plain_text)
[0m[31m          (formatting_fallback)
[0m[31m          (plain_text))))[0m
[32m        content: (inline_element
[0m[32m          (ui_macro
[0m[32m            (ui_kbd)))
[0m[32m        content: (inline_element
[0m[32m          (ui_macro
[0m[32m            (ui_btn)))
[0m[32m        (paragraph
[0m[32m          content: (inline_element
[0m[32m            (ui_macro
[0m[32m              (ui_menu)))[0m


  5. Attribute references:

    (source_file
      (paragraph
[31m        content: (inline_seq_nonempty
[0m[31m          (plain_text))))[0m
[32m        (inline_element
[0m[32m          (attribute_reference))
[0m[32m        (inline_element
[0m[32m          (attribute_reference))[0m

