  26_index_terms:
    191. G£ù [31mSimple index term macro[0m
    192. G£ù [31mHierarchical index term with secondary and tertiary[0m
    193. G£ù [31mIndex term with secondary only[0m
    194. G£ù [31mVisible index term (indexterm2)[0m
    195. G£ù [31mConcealed index term[0m
    196. G£ù [31mConcealed index term with hierarchy[0m
    197. G£ù [31mMultiple index terms in paragraph[0m
    198. G£ù [31mIndex terms with special characters[0m
    199. G£ù [31mMixed index terms with other inline elements[0m
    200. G£ù [31mNot an index term - malformed brackets[0m
    201. G£ù [31mNot an index term - incomplete concealed[0m

11 failures:

correct / [32mexpected[0m / [31munexpected[0m

  1. Simple index term macro:

    (source_file
      (paragraph
        content: (inline_seq_nonempty
          (plain_text)
[31m          (ERROR)
[0m[31m          (plain_text)
[0m[31m          (formatting_fallback)
[0m[32m          (inline_element
[0m[32m            (index_term
[0m[32m              (index_term_macro
[0m[32m                terms: (index_text
[0m[32m                  primary: (index_term_text)))))
[0m          (plain_text))))


  2. Hierarchical index term with secondary and tertiary:

    (source_file
      (paragraph
        content: (inline_seq_nonempty
          (plain_text)
[31m          (ERROR)
[0m[31m          (plain_text)
[0m[31m          (formatting_fallback)
[0m[32m          (inline_element
[0m[32m            (index_term
[0m[32m              (index_term_macro
[0m[32m                terms: (index_text
[0m[32m                  primary: (index_term_text)
[0m[32m                  secondary: (index_term_text)
[0m[32m                  tertiary: (index_term_text)))))
[0m          (plain_text))))


  3. Index term with secondary only:

    (source_file
      (paragraph
        content: (inline_seq_nonempty
          (plain_text)
[31m          (ERROR)
[0m[31m          (plain_text)
[0m[31m          (formatting_fallback)
[0m[32m          (inline_element
[0m[32m            (index_term
[0m[32m              (index_term_macro
[0m[32m                terms: (index_text
[0m[32m                  primary: (index_term_text)
[0m[32m                  secondary: (index_term_text)))))
[0m          (plain_text))))


  4. Visible index term (indexterm2):

    (source_file
      (paragraph
        content: (inline_seq_nonempty
          (plain_text)
[31m          (ERROR)
[0m[31m          (plain_text)
[0m[31m          (formatting_fallback)
[0m[32m          (inline_element
[0m[32m            (index_term
[0m[32m              (index_term2_macro
[0m[32m                terms: (index_text
[0m[32m                  primary: (index_term_text)))))
[0m          (plain_text))))


  5. Concealed index term:

    (source_file
      (paragraph
        content: (inline_seq_nonempty
[32m          (plain_text)
[0m[32m          (inline_element
[0m[32m            (index_term
[0m[32m              (concealed_index_term
[0m[32m                terms: (index_text
[0m[32m                  primary: (index_term_text)))))
[0m          (plain_text))))


  6. Concealed index term with hierarchy:

    (source_file
      (paragraph
        content: (inline_seq_nonempty
[32m          (plain_text)
[0m[32m          (inline_element
[0m[32m            (index_term
[0m[32m              (concealed_index_term
[0m[32m                terms: (index_text
[0m[32m                  primary: (index_term_text)
[0m[32m                  secondary: (index_term_text)
[0m[32m                  tertiary: (index_term_text)))))
[0m          (plain_text))))


  7. Multiple index terms in paragraph:

    (source_file
      (paragraph
        content: (inline_seq_nonempty
          (plain_text)
[31m          (ERROR)
[0m[31m          (plain_text)
[0m[31m          (formatting_fallback)
[0m[31m          (plain_text)
[0m[31m          (ERROR)
[0m[31m          (plain_text)
[0m[31m          (formatting_fallback)
[0m[32m          (inline_element
[0m[32m            (index_term
[0m[32m              (index_term_macro
[0m[32m                terms: (index_text
[0m[32m                  primary: (index_term_text)))))
[0m          (plain_text)
[31m          (ERROR)
[0m[32m          (inline_element
[0m[32m            (index_term
[0m[32m              (index_term2_macro
[0m[32m                terms: (index_text
[0m[32m                  primary: (index_term_text)))))
[0m          (plain_text)
[31m          (formatting_fallback)
[0m[32m          (inline_element
[0m[32m            (index_term
[0m[32m              (index_term_macro
[0m[32m                terms: (index_text
[0m[32m                  primary: (index_term_text)
[0m[32m                  secondary: (index_term_text)))))
[0m          (plain_text))))


  8. Index terms with special characters:

    (source_file
      (paragraph
        content: (inline_seq_nonempty
          (plain_text)
[31m          (ERROR)
[0m[31m          (plain_text)
[0m[31m          (formatting_fallback)
[0m[32m          (inline_element
[0m[32m            (index_term
[0m[32m              (index_term_macro
[0m[32m                terms: (index_text
[0m[32m                  primary: (index_term_text)))))
[0m          (plain_text)
[31m          (ERROR
[0m[31m            (role_list))
[0m[32m          (inline_element
[0m[32m            (index_term
[0m[32m              (index_term_macro
[0m[32m                terms: (index_text
[0m[32m                  primary: (index_term_text)))))
[0m          (plain_text))))


  9. Mixed index terms with other inline elements:

    (source_file
      (paragraph
        content: (inline_seq_nonempty
          (plain_text)
[31m          (ERROR)
[0m          (inline_element
            (strong
              open: (strong_open)
              content: (strong_content)
              close: (strong_close)))
          (plain_text)
[31m          (ERROR)
[0m[31m          (plain_text)
[0m[31m          (formatting_fallback)
[0m[32m          (inline_element
[0m[32m            (index_term
[0m[32m              (index_term_macro
[0m[32m                terms: (index_text
[0m[32m                  primary: (index_term_text)))))
[0m          (plain_text)
[31m          (ERROR)
[0m          (inline_element
            (monospace
              open: (monospace_open)
              content: (monospace_content)
              close: (monospace_close)))
          (plain_text))))


  10. Not an index term - malformed brackets:

    (source_file
      (paragraph
[31m        content: (inline_seq_nonempty
[0m[31m          (plain_text)
[0m[31m          (ERROR)
[0m[32m        (inline_seq_nonempty
[0m          (plain_text)
          (formatting_fallback)
          (plain_text))))


  11. Not an index term - incomplete concealed:

    (source_file
      (paragraph
[31m        content: (inline_seq_nonempty
[0m[32m        (inline_seq_nonempty
[0m          (plain_text))))

