  30_math_macros:
    223. G£ù [31mBasic stem inline macro[0m
    224. G£ù [31mLaTeX math inline macro[0m
    225. G£ù [31mAsciiMath inline macro[0m
    226. G£ù [31mMultiple math macros in one paragraph[0m
    227. G£ù [31mMath macro with complex content[0m
    228. G£ù [31mEmpty math macro[0m

6 failures:

correct / [32mexpected[0m / [31munexpected[0m

  1. Basic stem inline macro:

    (source_file
      (paragraph
        content: (inline_seq_nonempty
          (plain_text)
[31m          (ERROR)
[0m          (plain_text)
[31m          (formatting_fallback)
[0m[32m          (plain_text)
[0m[32m          (plain_text)
[0m[32m          (inline_element
[0m[32m            (math_macro
[0m[32m              (stem_inline
[0m[32m                expression: (math_macro_text))))
[0m          (plain_text))))


  2. LaTeX math inline macro:

    (source_file
      (paragraph
        content: (inline_seq_nonempty
          (plain_text)
[31m          (ERROR)
[0m[31m          (escaped_char)
[0m          (plain_text)
[31m          (ERROR)
[0m[31m          (escaped_char)
[0m[31m          (plain_text)
[0m[31m          (formatting_fallback))))[0m
[32m          (inline_element
[0m[32m            (math_macro
[0m[32m              (latexmath_inline
[0m[32m                expression: (math_macro_text)))))))[0m


  3. AsciiMath inline macro:

    (source_file
      (paragraph
        content: (inline_seq_nonempty
          (plain_text)
[31m          (ERROR)
[0m          (plain_text)
[31m          (formatting_fallback))))[0m
[32m          (inline_element
[0m[32m            (math_macro
[0m[32m              (asciimath_inline
[0m[32m                expression: (math_macro_text)))))))[0m


  4. Multiple math macros in one paragraph:

    (source_file
      (paragraph
        content: (inline_seq_nonempty
          (plain_text)
[31m          (ERROR)
[0m[31m          (plain_text)
[0m[31m          (formatting_fallback)
[0m[31m          (plain_text)
[0m[31m          (ERROR)
[0m[31m          (plain_text)
[0m[31m          (formatting_fallback)
[0m[32m          (inline_element
[0m[32m            (math_macro
[0m[32m              (stem_inline
[0m[32m                expression: (math_macro_text))))
[0m          (plain_text)
[31m          (ERROR)
[0m[32m          (inline_element
[0m[32m            (math_macro
[0m[32m              (latexmath_inline
[0m[32m                expression: (math_macro_text))))
[0m          (plain_text)
[31m          (formatting_fallback)
[0m[32m          (inline_element
[0m[32m            (math_macro
[0m[32m              (asciimath_inline
[0m[32m                expression: (math_macro_text))))
[0m          (plain_text))))


  5. Math macro with complex content:

    (source_file
      (paragraph
        content: (inline_seq_nonempty
          (plain_text)
[31m          (ERROR)
[0m[31m          (escaped_char)
[0m          (plain_text)
[31m          (ERROR)
[0m[31m          (escaped_char)
[0m[31m          (plain_text)))
[0m[31m      (unordered_list
[0m[31m        (unordered_list_item
[0m[31m          content: (inline_seq_nonempty
[0m[31m            (escaped_char)
[0m[31m            (plain_text)
[0m[31m            (ERROR)
[0m[31m            (escaped_char)
[0m[31m            (plain_text)
[0m[31m            (formatting_fallback)))))[0m
[32m          (inline_element
[0m[32m            (math_macro
[0m[32m              (latexmath_inline
[0m[32m                expression: (math_macro_text)))))))[0m


  6. Empty math macro:

    (source_file
      (paragraph
        content: (inline_seq_nonempty
          (plain_text)
[31m          (ERROR)
[0m[31m          (formatting_fallback)
[0m[32m          (inline_element
[0m[32m            (math_macro
[0m[32m              (stem_inline)))
[0m[32m          (plain_text)
[0m[32m          (plain_text)
[0m          (plain_text))))

