new_parse
process version:0, version_count:1, state:1, row:0, col:0
lex_external state:2, row:0, column:0
lex_internal state:233, row:0, column:0
  consume character:10
lexed_lookahead sym:_blank_line, size:1
shift state:16
process version:0, version_count:1, state:16, row:1, col:0
lex_external state:2, row:1, column:0
lex_internal state:235, row:1, column:0
  consume character:'N'
  consume character:'O'
  consume character:'T'
  consume character:'E'
  consume character:':'
  consume character:' '
lexed_lookahead sym:admonition_label, size:6
shift state:545
process version:0, version_count:1, state:545, row:1, col:6
lex_external state:6, row:1, column:6
lex_internal state:30, row:1, column:6
  consume character:'T'
  consume character:'h'
  consume character:'i'
  consume character:'s'
lexed_lookahead sym:_plain_text_segment, size:4
shift state:433
process version:0, version_count:1, state:433, row:1, col:10
lex_external state:2, row:1, column:10
  consume character:' '
lex_internal state:235, row:1, column:10
  consume character:' '
  consume character:'i'
  consume character:'s'
lexed_lookahead sym:_plain_text_segment, size:3
reduce sym:plain_text, child_count:1
shift state:433
process version:0, version_count:1, state:433, row:1, col:13
lex_external state:2, row:1, column:13
  consume character:' '
lex_internal state:235, row:1, column:13
  consume character:' '
  consume character:'a'
lexed_lookahead sym:_plain_text_segment, size:2
reduce sym:plain_text, child_count:1
shift state:433
process version:0, version_count:1, state:433, row:1, col:15
lex_external state:2, row:1, column:15
  consume character:' '
lex_internal state:235, row:1, column:15
  consume character:' '
  consume character:'s'
  consume character:'i'
  consume character:'m'
  consume character:'p'
  consume character:'l'
  consume character:'e'
lexed_lookahead sym:_plain_text_segment, size:7
reduce sym:plain_text, child_count:1
reduce sym:inline_seq_nonempty_repeat1, child_count:2
shift state:433
process version:0, version_count:1, state:433, row:1, col:22
lex_external state:2, row:1, column:22
  consume character:' '
lex_internal state:235, row:1, column:22
  consume character:' '
  consume character:'n'
  consume character:'o'
  consume character:'t'
  consume character:'e'
  consume character:'.'
lexed_lookahead sym:_plain_text_segment, size:6
reduce sym:plain_text, child_count:1
reduce sym:inline_seq_nonempty_repeat1, child_count:2
shift state:433
process version:0, version_count:1, state:433, row:1, col:28
lex_external state:2, row:1, column:28
lex_internal state:235, row:1, column:28
  consume character:10
lexed_lookahead sym:_blank_line, size:1
reduce sym:plain_text, child_count:1
reduce sym:inline_seq_nonempty_repeat1, child_count:2
reduce sym:inline_seq_nonempty, child_count:2
reduce sym:_inline_text, child_count:1
reduce sym:inline_admonition, child_count:2
reduce sym:source_file_repeat1, child_count:2
shift state:18
process version:0, version_count:1, state:18, row:2, col:0
lex_external state:2, row:2, column:0
lex_internal state:235, row:2, column:0
  consume character:10
lexed_lookahead sym:_blank_line, size:1
reduce sym:source_file_repeat1, child_count:2
shift state:18
process version:0, version_count:1, state:18, row:3, col:0
lex_external state:2, row:3, column:0
lex_internal state:235, row:3, column:0
  consume character:'T'
  consume character:'I'
  consume character:'P'
  consume character:':'
  consume character:' '
lexed_lookahead sym:admonition_label, size:5
reduce sym:source_file_repeat1, child_count:2
shift state:545
process version:0, version_count:1, state:545, row:3, col:5
lex_external state:6, row:3, column:5
lex_internal state:30, row:3, column:5
  consume character:'H'
  consume character:'e'
  consume character:'r'
  consume character:'e'
lexed_lookahead sym:_plain_text_segment, size:4
shift state:433
process version:0, version_count:1, state:433, row:3, col:9
lex_external state:2, row:3, column:9
lex_internal state:235, row:3, column:9
  consume character:'''
lexed_lookahead sym:plain_quote, size:1
reduce sym:plain_text, child_count:1
shift state:89
process version:0, version_count:1, state:89, row:3, col:10
lex_external state:2, row:3, column:10
lex_internal state:235, row:3, column:10
  consume character:'s'
lexed_lookahead sym:_plain_text_segment, size:1
shift state:433
process version:0, version_count:1, state:433, row:3, col:11
lex_external state:2, row:3, column:11
  consume character:' '
lex_internal state:235, row:3, column:11
  consume character:' '
  consume character:'a'
lexed_lookahead sym:_plain_text_segment, size:2
reduce sym:plain_text, child_count:1
reduce sym:inline_seq_nonempty_repeat1, child_count:2
shift state:433
process version:0, version_count:1, state:433, row:3, col:13
lex_external state:2, row:3, column:13
  consume character:' '
lex_internal state:235, row:3, column:13
  consume character:' '
  consume character:'h'
  consume character:'e'
  consume character:'l'
  consume character:'p'
  consume character:'f'
  consume character:'u'
  consume character:'l'
lexed_lookahead sym:_plain_text_segment, size:8
reduce sym:plain_text, child_count:1
reduce sym:inline_seq_nonempty_repeat1, child_count:2
shift state:433
process version:0, version_count:1, state:433, row:3, col:21
lex_external state:2, row:3, column:21
  consume character:' '
lex_internal state:235, row:3, column:21
  consume character:' '
  consume character:'t'
  consume character:'i'
  consume character:'p'
lexed_lookahead sym:_plain_text_segment, size:4
reduce sym:plain_text, child_count:1
reduce sym:inline_seq_nonempty_repeat1, child_count:2
shift state:433
process version:0, version_count:1, state:433, row:3, col:25
lex_external state:2, row:3, column:25
  consume character:' '
lex_internal state:235, row:3, column:25
  consume character:' '
  consume character:'f'
  consume character:'o'
  consume character:'r'
lexed_lookahead sym:_plain_text_segment, size:4
reduce sym:plain_text, child_count:1
reduce sym:inline_seq_nonempty_repeat1, child_count:2
shift state:433
process version:0, version_count:1, state:433, row:3, col:29
lex_external state:2, row:3, column:29
  consume character:' '
lex_internal state:235, row:3, column:29
  consume character:' '
  consume character:'y'
  consume character:'o'
  consume character:'u'
  consume character:'.'
lexed_lookahead sym:_plain_text_segment, size:5
reduce sym:plain_text, child_count:1
reduce sym:inline_seq_nonempty_repeat1, child_count:2
shift state:433
process version:0, version_count:1, state:433, row:3, col:34
lex_external state:2, row:3, column:34
lex_internal state:235, row:3, column:34
  consume character:10
lexed_lookahead sym:_blank_line, size:1
reduce sym:plain_text, child_count:1
reduce sym:inline_seq_nonempty_repeat1, child_count:2
reduce sym:inline_seq_nonempty, child_count:2
reduce sym:_inline_text, child_count:1
reduce sym:inline_admonition, child_count:2
reduce sym:source_file_repeat1, child_count:2
shift state:18
process version:0, version_count:1, state:18, row:4, col:0
lex_external state:2, row:4, column:0
lex_internal state:235, row:4, column:0
  consume character:10
lexed_lookahead sym:_blank_line, size:1
reduce sym:source_file_repeat1, child_count:2
shift state:18
process version:0, version_count:1, state:18, row:5, col:0
lex_external state:2, row:5, column:0
lex_internal state:235, row:5, column:0
  consume character:'I'
  consume character:'M'
  consume character:'P'
  consume character:'O'
  consume character:'R'
  consume character:'T'
  consume character:'A'
  consume character:'N'
  consume character:'T'
  consume character:':'
  consume character:' '
lexed_lookahead sym:admonition_label, size:11
reduce sym:source_file_repeat1, child_count:2
shift state:545
process version:0, version_count:1, state:545, row:5, col:11
lex_external state:6, row:5, column:11
lex_internal state:30, row:5, column:11
  consume character:'T'
  consume character:'h'
  consume character:'i'
  consume character:'s'
lexed_lookahead sym:_plain_text_segment, size:4
shift state:433
process version:0, version_count:1, state:433, row:5, col:15
lex_external state:2, row:5, column:15
  consume character:' '
lex_internal state:235, row:5, column:15
  consume character:' '
  consume character:'i'
  consume character:'n'
  consume character:'f'
  consume character:'o'
  consume character:'r'
  consume character:'m'
  consume character:'a'
  consume character:'t'
  consume character:'i'
  consume character:'o'
  consume character:'n'
lexed_lookahead sym:_plain_text_segment, size:12
reduce sym:plain_text, child_count:1
shift state:433
process version:0, version_count:1, state:433, row:5, col:27
lex_external state:2, row:5, column:27
  consume character:' '
lex_internal state:235, row:5, column:27
  consume character:' '
  consume character:'i'
  consume character:'s'
lexed_lookahead sym:_plain_text_segment, size:3
reduce sym:plain_text, child_count:1
shift state:433
process version:0, version_count:1, state:433, row:5, col:30
lex_external state:2, row:5, column:30
  consume character:' '
lex_internal state:235, row:5, column:30
  consume character:' '
  consume character:'v'
  consume character:'e'
  consume character:'r'
  consume character:'y'
lexed_lookahead sym:_plain_text_segment, size:5
reduce sym:plain_text, child_count:1
reduce sym:inline_seq_nonempty_repeat1, child_count:2
shift state:433
process version:0, version_count:1, state:433, row:5, col:35
lex_external state:2, row:5, column:35
  consume character:' '
lex_internal state:235, row:5, column:35
  consume character:' '
  consume character:'i'
  consume character:'m'
  consume character:'p'
  consume character:'o'
  consume character:'r'
  consume character:'t'
  consume character:'a'
  consume character:'n'
  consume character:'t'
  consume character:'.'
lexed_lookahead sym:_plain_text_segment, size:11
reduce sym:plain_text, child_count:1
reduce sym:inline_seq_nonempty_repeat1, child_count:2
shift state:433
process version:0, version_count:1, state:433, row:5, col:46
lex_external state:2, row:5, column:46
lex_internal state:235, row:5, column:46
  consume character:10
lexed_lookahead sym:_blank_line, size:1
reduce sym:plain_text, child_count:1
reduce sym:inline_seq_nonempty_repeat1, child_count:2
reduce sym:inline_seq_nonempty, child_count:2
reduce sym:_inline_text, child_count:1
reduce sym:inline_admonition, child_count:2
reduce sym:source_file_repeat1, child_count:2
shift state:18
process version:0, version_count:1, state:18, row:6, col:0
lex_external state:2, row:6, column:0
lex_internal state:235, row:6, column:0
  consume character:10
lexed_lookahead sym:_blank_line, size:1
reduce sym:source_file_repeat1, child_count:2
shift state:18
process version:0, version_count:1, state:18, row:7, col:0
lex_external state:2, row:7, column:0
lex_internal state:235, row:7, column:0
  consume character:'W'
  consume character:'A'
  consume character:'R'
  consume character:'N'
  consume character:'I'
  consume character:'N'
  consume character:'G'
  consume character:':'
  consume character:' '
lexed_lookahead sym:admonition_label, size:9
reduce sym:source_file_repeat1, child_count:2
shift state:545
process version:0, version_count:1, state:545, row:7, col:9
lex_external state:6, row:7, column:9
lex_internal state:30, row:7, column:9
  consume character:'B'
  consume character:'e'
lexed_lookahead sym:_plain_text_segment, size:2
shift state:433
process version:0, version_count:1, state:433, row:7, col:11
lex_external state:2, row:7, column:11
  consume character:' '
lex_internal state:235, row:7, column:11
  consume character:' '
  consume character:'c'
  consume character:'a'
  consume character:'r'
  consume character:'e'
  consume character:'f'
  consume character:'u'
  consume character:'l'
lexed_lookahead sym:_plain_text_segment, size:8
reduce sym:plain_text, child_count:1
shift state:433
process version:0, version_count:1, state:433, row:7, col:19
lex_external state:2, row:7, column:19
  consume character:' '
lex_internal state:235, row:7, column:19
  consume character:' '
  consume character:'w'
  consume character:'i'
  consume character:'t'
  consume character:'h'
lexed_lookahead sym:_plain_text_segment, size:5
reduce sym:plain_text, child_count:1
shift state:433
process version:0, version_count:1, state:433, row:7, col:24
lex_external state:2, row:7, column:24
  consume character:' '
lex_internal state:235, row:7, column:24
  consume character:' '
  consume character:'t'
  consume character:'h'
  consume character:'i'
  consume character:'s'
  consume character:'!'
lexed_lookahead sym:_plain_text_segment, size:6
reduce sym:plain_text, child_count:1
reduce sym:inline_seq_nonempty_repeat1, child_count:2
shift state:433
process version:0, version_count:1, state:433, row:7, col:30
lex_external state:2, row:7, column:30
lex_internal state:235, row:7, column:30
  consume character:10
lexed_lookahead sym:_blank_line, size:1
reduce sym:plain_text, child_count:1
reduce sym:inline_seq_nonempty_repeat1, child_count:2
reduce sym:inline_seq_nonempty, child_count:2
reduce sym:_inline_text, child_count:1
reduce sym:inline_admonition, child_count:2
reduce sym:source_file_repeat1, child_count:2
shift state:18
process version:0, version_count:1, state:18, row:8, col:0
lex_external state:2, row:8, column:0
lex_internal state:235, row:8, column:0
  consume character:10
lexed_lookahead sym:_blank_line, size:1
reduce sym:source_file_repeat1, child_count:2
shift state:18
process version:0, version_count:1, state:18, row:9, col:0
lex_external state:2, row:9, column:0
lex_internal state:235, row:9, column:0
  consume character:'C'
  consume character:'A'
  consume character:'U'
  consume character:'T'
  consume character:'I'
  consume character:'O'
  consume character:'N'
  consume character:':'
  consume character:' '
lexed_lookahead sym:admonition_label, size:9
reduce sym:source_file_repeat1, child_count:2
shift state:545
process version:0, version_count:1, state:545, row:9, col:9
lex_external state:6, row:9, column:9
lex_internal state:30, row:9, column:9
  consume character:'P'
  consume character:'r'
  consume character:'o'
  consume character:'c'
  consume character:'e'
  consume character:'e'
  consume character:'d'
lexed_lookahead sym:_plain_text_segment, size:7
shift state:433
process version:0, version_count:1, state:433, row:9, col:16
lex_external state:2, row:9, column:16
  consume character:' '
lex_internal state:235, row:9, column:16
  consume character:' '
  consume character:'w'
  consume character:'i'
  consume character:'t'
  consume character:'h'
lexed_lookahead sym:_plain_text_segment, size:5
reduce sym:plain_text, child_count:1
shift state:433
process version:0, version_count:1, state:433, row:9, col:21
lex_external state:2, row:9, column:21
  consume character:' '
lex_internal state:235, row:9, column:21
  consume character:' '
  consume character:'e'
  consume character:'x'
  consume character:'t'
  consume character:'r'
  consume character:'e'
  consume character:'m'
  consume character:'e'
lexed_lookahead sym:_plain_text_segment, size:8
reduce sym:plain_text, child_count:1
shift state:433
process version:0, version_count:1, state:433, row:9, col:29
lex_external state:2, row:9, column:29
  consume character:' '
lex_internal state:235, row:9, column:29
  consume character:' '
  consume character:'c'
  consume character:'a'
  consume character:'u'
  consume character:'t'
  consume character:'i'
  consume character:'o'
  consume character:'n'
  consume character:'.'
lexed_lookahead sym:_plain_text_segment, size:9
reduce sym:plain_text, child_count:1
reduce sym:inline_seq_nonempty_repeat1, child_count:2
shift state:433
process version:0, version_count:1, state:433, row:9, col:38
lex_external state:2, row:9, column:38
lex_internal state:235, row:9, column:38
  consume character:10
lexed_lookahead sym:_blank_line, size:1
reduce sym:plain_text, child_count:1
reduce sym:inline_seq_nonempty_repeat1, child_count:2
reduce sym:inline_seq_nonempty, child_count:2
reduce sym:_inline_text, child_count:1
reduce sym:inline_admonition, child_count:2
reduce sym:source_file_repeat1, child_count:2
shift state:18
process version:0, version_count:1, state:18, row:10, col:0
lex_external state:2, row:10, column:0
lex_internal state:235, row:10, column:0
lexed_lookahead sym:end, size:0
reduce sym:source_file_repeat1, child_count:2
reduce sym:source_file, child_count:1
accept
done
new_parse
process version:0, version_count:1, state:1, row:0, col:0
lex_external state:2, row:0, column:0
lex_internal state:233, row:0, column:0
  consume character:10
lexed_lookahead sym:_blank_line, size:1
shift state:16
process version:0, version_count:1, state:16, row:1, col:0
lex_external state:2, row:1, column:0
lex_internal state:235, row:1, column:0
  consume character:'['
lexed_lookahead sym:plain_left_bracket, size:1
shift state:283
process version:0, version_count:1, state:283, row:1, col:1
lex_external state:2, row:1, column:1
lex_internal state:232, row:1, column:1
  consume character:'N'
  consume character:'O'
  consume character:'T'
  consume character:'E'
lexed_lookahead sym:_plain_text_segment, size:4
reduce sym:_inline_core_unit, child_count:1
shift state:433
process version:0, version_count:1, state:433, row:1, col:5
lex_external state:2, row:1, column:5
lex_internal state:235, row:1, column:5
  consume character:']'
lexed_lookahead sym:plain_right_bracket, size:1
reduce sym:plain_text, child_count:1
shift state:92
process version:0, version_count:1, state:92, row:1, col:6
lex_external state:2, row:1, column:6
lex_internal state:235, row:1, column:6
  consume character:10
lexed_lookahead sym:_blank_line, size:1
reduce sym:inline_seq_nonempty_repeat1, child_count:2
reduce sym:inline_seq_nonempty, child_count:2
reduce sym:_inline_text, child_count:1
reduce sym:paragraph, child_count:1
reduce sym:source_file_repeat1, child_count:2
shift state:18
process version:0, version_count:1, state:18, row:2, col:0
lex_external state:2, row:2, column:0
  consume character:'='
  consume character:'='
  consume character:'='
  consume character:'='
  consume character:10
lexed_lookahead sym:EXAMPLE_FENCE_START, size:5
reduce sym:source_file_repeat1, child_count:2
shift state:800
process version:0, version_count:1, state:800, row:3, col:0
lex_external state:14, row:3, column:0
  consume character:'T'
  consume character:'h'
  consume character:'i'
  consume character:'s'
  consume character:' '
  consume character:'i'
  consume character:'s'
  consume character:' '
  consume character:'a'
  consume character:' '
  consume character:'n'
  consume character:'o'
  consume character:'t'
  consume character:'e'
  consume character:' '
  consume character:'b'
  consume character:'l'
  consume character:'o'
  consume character:'c'
  consume character:'k'
  consume character:' '
  consume character:'w'
  consume character:'i'
  consume character:'t'
  consume character:'h'
  consume character:' '
  consume character:'m'
  consume character:'u'
  consume character:'l'
  consume character:'t'
  consume character:'i'
  consume character:'p'
  consume character:'l'
  consume character:'e'
  consume character:' '
  consume character:'l'
  consume character:'i'
  consume character:'n'
  consume character:'e'
  consume character:'s'
  consume character:'.'
  consume character:10
lexed_lookahead sym:DELIMITED_BLOCK_CONTENT_LINE, size:42
reduce sym:example_open, child_count:1
shift state:793
process version:0, version_count:1, state:793, row:4, col:0
lex_external state:14, row:4, column:0
lex_internal state:20, row:4, column:0
  consume character:10
lexed_lookahead sym:_blank_line, size:1
reduce sym:content_line, child_count:1
shift state:762
process version:0, version_count:1, state:762, row:5, col:0
lex_external state:14, row:5, column:0
  consume character:'I'
  consume character:'t'
  consume character:' '
  consume character:'c'
  consume character:'a'
  consume character:'n'
  consume character:' '
  consume character:'c'
  consume character:'o'
  consume character:'n'
  consume character:'t'
  consume character:'a'
  consume character:'i'
  consume character:'n'
  consume character:' '
  consume character:'p'
  consume character:'a'
  consume character:'r'
  consume character:'a'
  consume character:'g'
  consume character:'r'
  consume character:'a'
  consume character:'p'
  consume character:'h'
  consume character:'s'
  consume character:' '
  consume character:'a'
  consume character:'n'
  consume character:'d'
  consume character:' '
  consume character:'o'
  consume character:'t'
  consume character:'h'
  consume character:'e'
  consume character:'r'
  consume character:' '
  consume character:'c'
  consume character:'o'
  consume character:'n'
  consume character:'t'
  consume character:'e'
  consume character:'n'
  consume character:'t'
  consume character:'.'
  consume character:10
lexed_lookahead sym:DELIMITED_BLOCK_CONTENT_LINE, size:45
reduce sym:block_content_repeat1, child_count:2
shift state:793
process version:0, version_count:1, state:793, row:6, col:0
lex_external state:14, row:6, column:0
  consume character:'='
  consume character:'='
  consume character:'='
  consume character:'='
  consume character:10
lexed_lookahead sym:EXAMPLE_FENCE_END, size:5
reduce sym:content_line, child_count:1
reduce sym:block_content_repeat1, child_count:2
reduce sym:block_content, child_count:1
shift state:354
process version:0, version_count:1, state:354, row:7, col:0
lex_external state:2, row:7, column:0
lex_internal state:235, row:7, column:0
  consume character:10
lexed_lookahead sym:_blank_line, size:1
reduce sym:example_close, child_count:1
reduce sym:example_block, child_count:3
reduce sym:block_admonition, child_count:1
reduce sym:source_file_repeat1, child_count:2
shift state:18
process version:0, version_count:1, state:18, row:8, col:0
lex_external state:2, row:8, column:0
lex_internal state:235, row:8, column:0
  consume character:'['
lexed_lookahead sym:plain_left_bracket, size:1
reduce sym:source_file_repeat1, child_count:2
shift state:283
process version:0, version_count:1, state:283, row:8, col:1
lex_external state:2, row:8, column:1
lex_internal state:232, row:8, column:1
  consume character:'T'
  consume character:'I'
  consume character:'P'
lexed_lookahead sym:_plain_text_segment, size:3
reduce sym:_inline_core_unit, child_count:1
shift state:433
process version:0, version_count:1, state:433, row:8, col:4
lex_external state:2, row:8, column:4
lex_internal state:235, row:8, column:4
  consume character:']'
lexed_lookahead sym:plain_right_bracket, size:1
reduce sym:plain_text, child_count:1
shift state:92
process version:0, version_count:1, state:92, row:8, col:5
lex_external state:2, row:8, column:5
lex_internal state:235, row:8, column:5
  consume character:10
lexed_lookahead sym:_blank_line, size:1
reduce sym:inline_seq_nonempty_repeat1, child_count:2
reduce sym:inline_seq_nonempty, child_count:2
reduce sym:_inline_text, child_count:1
reduce sym:paragraph, child_count:1
reduce sym:source_file_repeat1, child_count:2
shift state:18
process version:0, version_count:1, state:18, row:9, col:0
lex_external state:2, row:9, column:0
  consume character:'='
  consume character:'='
  consume character:'='
  consume character:'='
  consume character:10
lexed_lookahead sym:EXAMPLE_FENCE_START, size:5
reduce sym:source_file_repeat1, child_count:2
shift state:800
process version:0, version_count:1, state:800, row:10, col:0
lex_external state:14, row:10, column:0
  consume character:'P'
  consume character:'r'
  consume character:'o'
  consume character:' '
  consume character:'t'
  consume character:'i'
  consume character:'p'
  consume character:':'
  consume character:' '
  consume character:'A'
  consume character:'l'
  consume character:'w'
  consume character:'a'
  consume character:'y'
  consume character:'s'
  consume character:' '
  consume character:'r'
  consume character:'e'
  consume character:'a'
  consume character:'d'
  consume character:' '
  consume character:'t'
  consume character:'h'
  consume character:'e'
  consume character:' '
  consume character:'d'
  consume character:'o'
  consume character:'c'
  consume character:'u'
  consume character:'m'
  consume character:'e'
  consume character:'n'
  consume character:'t'
  consume character:'a'
  consume character:'t'
  consume character:'i'
  consume character:'o'
  consume character:'n'
  consume character:' '
  consume character:'f'
  consume character:'i'
  consume character:'r'
  consume character:'s'
  consume character:'t'
  consume character:'!'
  consume character:10
lexed_lookahead sym:DELIMITED_BLOCK_CONTENT_LINE, size:46
reduce sym:example_open, child_count:1
shift state:793
process version:0, version_count:1, state:793, row:11, col:0
lex_external state:14, row:11, column:0
lex_internal state:20, row:11, column:0
  consume character:10
lexed_lookahead sym:_blank_line, size:1
reduce sym:content_line, child_count:1
shift state:762
process version:0, version_count:1, state:762, row:12, col:0
lex_external state:14, row:12, column:0
  consume character:'-'
  consume character:' '
  consume character:'T'
  consume character:'h'
  consume character:'i'
  consume character:'s'
  consume character:' '
  consume character:'c'
  consume character:'a'
  consume character:'n'
  consume character:' '
  consume character:'i'
  consume character:'n'
  consume character:'c'
  consume character:'l'
  consume character:'u'
  consume character:'d'
  consume character:'e'
  consume character:10
lexed_lookahead sym:DELIMITED_BLOCK_CONTENT_LINE, size:19
reduce sym:block_content_repeat1, child_count:2
shift state:793
process version:0, version_count:1, state:793, row:13, col:0
lex_external state:14, row:13, column:0
  consume character:'-'
  consume character:' '
  consume character:'L'
  consume character:'i'
  consume character:'s'
  consume character:'t'
  consume character:'s'
  consume character:' '
  consume character:'a'
  consume character:'n'
  consume character:'d'
  consume character:' '
  consume character:'o'
  consume character:'t'
  consume character:'h'
  consume character:'e'
  consume character:'r'
  consume character:' '
  consume character:'c'
  consume character:'o'
  consume character:'n'
  consume character:'t'
  consume character:'e'
  consume character:'n'
  consume character:'t'
  consume character:10
lexed_lookahead sym:DELIMITED_BLOCK_CONTENT_LINE, size:26
reduce sym:content_line, child_count:1
reduce sym:block_content_repeat1, child_count:2
shift state:793
process version:0, version_count:1, state:793, row:14, col:0
lex_external state:14, row:14, column:0
  consume character:'='
  consume character:'='
  consume character:'='
  consume character:'='
  consume character:10
lexed_lookahead sym:EXAMPLE_FENCE_END, size:5
reduce sym:content_line, child_count:1
reduce sym:block_content_repeat1, child_count:2
reduce sym:block_content, child_count:1
shift state:354
process version:0, version_count:1, state:354, row:15, col:0
lex_external state:2, row:15, column:0
lex_internal state:235, row:15, column:0
lexed_lookahead sym:end, size:0
reduce sym:example_close, child_count:1
reduce sym:example_block, child_count:3
reduce sym:block_admonition, child_count:1
reduce sym:source_file_repeat1, child_count:2
reduce sym:source_file, child_count:1
accept
done
new_parse
process version:0, version_count:1, state:1, row:0, col:0
lex_external state:2, row:0, column:0
lex_internal state:233, row:0, column:0
  consume character:10
lexed_lookahead sym:_blank_line, size:1
shift state:16
process version:0, version_count:1, state:16, row:1, col:0
lex_external state:2, row:1, column:0
lex_internal state:235, row:1, column:0
  consume character:'['
lexed_lookahead sym:plain_left_bracket, size:1
shift state:283
process version:0, version_count:1, state:283, row:1, col:1
lex_external state:2, row:1, column:1
lex_internal state:232, row:1, column:1
  consume character:'W'
  consume character:'A'
  consume character:'R'
  consume character:'N'
  consume character:'I'
  consume character:'N'
  consume character:'G'
lexed_lookahead sym:_plain_text_segment, size:7
reduce sym:_inline_core_unit, child_count:1
shift state:433
process version:0, version_count:1, state:433, row:1, col:8
lex_external state:2, row:1, column:8
lex_internal state:235, row:1, column:8
  consume character:']'
lexed_lookahead sym:plain_right_bracket, size:1
reduce sym:plain_text, child_count:1
shift state:92
process version:0, version_count:1, state:92, row:1, col:9
lex_external state:2, row:1, column:9
lex_internal state:235, row:1, column:9
  consume character:10
lexed_lookahead sym:_blank_line, size:1
reduce sym:inline_seq_nonempty_repeat1, child_count:2
reduce sym:inline_seq_nonempty, child_count:2
reduce sym:_inline_text, child_count:1
reduce sym:paragraph, child_count:1
reduce sym:source_file_repeat1, child_count:2
shift state:18
process version:0, version_count:1, state:18, row:2, col:0
lex_external state:2, row:2, column:0
  consume character:'-'
  consume character:'-'
  consume character:'-'
  consume character:'-'
  consume character:10
lexed_lookahead sym:LISTING_FENCE_START, size:1
reduce sym:source_file_repeat1, child_count:2
shift state:805
process version:0, version_count:1, state:805, row:2, col:1
lex_external state:15, row:2, column:1
  consume character:'-'
  consume character:'-'
  consume character:'-'
  consume character:10
lexed_lookahead sym:DELIMITED_BLOCK_CONTENT_LINE, size:4
reduce sym:listing_open, child_count:1
shift state:815
process version:0, version_count:1, state:815, row:3, col:0
lex_external state:15, row:3, column:0
  consume character:'#'
  consume character:' '
  consume character:'T'
  consume character:'h'
  consume character:'i'
  consume character:'s'
  consume character:' '
  consume character:'i'
  consume character:'s'
  consume character:' '
  consume character:'d'
  consume character:'a'
  consume character:'n'
  consume character:'g'
  consume character:'e'
  consume character:'r'
  consume character:'o'
  consume character:'u'
  consume character:'s'
  consume character:' '
  consume character:'c'
  consume character:'o'
  consume character:'d'
  consume character:'e'
  consume character:10
lexed_lookahead sym:DELIMITED_BLOCK_CONTENT_LINE, size:25
reduce sym:content_line, child_count:1
shift state:815
process version:0, version_count:1, state:815, row:4, col:0
lex_external state:15, row:4, column:0
  consume character:'r'
  consume character:'m'
  consume character:' '
  consume character:'-'
  consume character:'r'
  consume character:'f'
  consume character:' '
  consume character:'/'
  consume character:10
lexed_lookahead sym:DELIMITED_BLOCK_CONTENT_LINE, size:9
reduce sym:content_line, child_count:1
reduce sym:block_content_repeat1, child_count:2
shift state:815
process version:0, version_count:1, state:815, row:5, col:0
lex_external state:15, row:5, column:0
  consume character:'-'
  consume character:'-'
  consume character:'-'
  consume character:'-'
  consume character:10
lexed_lookahead sym:LISTING_FENCE_END, size:1
reduce sym:content_line, child_count:1
reduce sym:block_content_repeat1, child_count:2
reduce sym:block_content, child_count:1
shift state:358
process version:0, version_count:1, state:358, row:5, col:1
lex_external state:2, row:5, column:1
lex_internal state:235, row:5, column:1
  consume character:'-'
  consume character:'-'
  consume character:'-'
lexed_lookahead sym:plain_dash, size:1
reduce sym:listing_close, child_count:1
reduce sym:listing_block, child_count:3
reduce sym:block_admonition, child_count:1
reduce sym:source_file_repeat1, child_count:2
shift state:91
process version:0, version_count:1, state:91, row:5, col:2
lex_external state:2, row:5, column:2
lex_internal state:235, row:5, column:2
  consume character:'-'
  consume character:'-'
lexed_lookahead sym:plain_dash, size:1
shift state:89
process version:0, version_count:1, state:89, row:5, col:3
lex_external state:2, row:5, column:3
lex_internal state:235, row:5, column:3
  consume character:'-'
lexed_lookahead sym:plain_dash, size:1
shift state:92
process version:0, version_count:1, state:92, row:5, col:4
lex_external state:2, row:5, column:4
lex_internal state:235, row:5, column:4
  consume character:10
lexed_lookahead sym:_blank_line, size:1
reduce sym:inline_seq_nonempty_repeat1, child_count:2
reduce sym:inline_seq_nonempty, child_count:2
reduce sym:_inline_text, child_count:1
reduce sym:paragraph, child_count:1
reduce sym:source_file_repeat1, child_count:2
shift state:18
process version:0, version_count:1, state:18, row:6, col:0
lex_external state:2, row:6, column:0
lex_internal state:235, row:6, column:0
  consume character:10
lexed_lookahead sym:_blank_line, size:1
reduce sym:source_file_repeat1, child_count:2
shift state:18
process version:0, version_count:1, state:18, row:7, col:0
lex_external state:2, row:7, column:0
lex_internal state:235, row:7, column:0
  consume character:'['
lexed_lookahead sym:plain_left_bracket, size:1
reduce sym:source_file_repeat1, child_count:2
shift state:283
process version:0, version_count:1, state:283, row:7, col:1
lex_external state:2, row:7, column:1
lex_internal state:232, row:7, column:1
  consume character:'I'
  consume character:'M'
  consume character:'P'
  consume character:'O'
  consume character:'R'
  consume character:'T'
  consume character:'A'
  consume character:'N'
  consume character:'T'
lexed_lookahead sym:_plain_text_segment, size:9
reduce sym:_inline_core_unit, child_count:1
shift state:433
process version:0, version_count:1, state:433, row:7, col:10
lex_external state:2, row:7, column:10
lex_internal state:235, row:7, column:10
  consume character:']'
lexed_lookahead sym:plain_right_bracket, size:1
reduce sym:plain_text, child_count:1
shift state:92
process version:0, version_count:1, state:92, row:7, col:11
lex_external state:2, row:7, column:11
lex_internal state:235, row:7, column:11
  consume character:10
lexed_lookahead sym:_blank_line, size:1
reduce sym:inline_seq_nonempty_repeat1, child_count:2
reduce sym:inline_seq_nonempty, child_count:2
reduce sym:_inline_text, child_count:1
reduce sym:paragraph, child_count:1
reduce sym:source_file_repeat1, child_count:2
shift state:18
process version:0, version_count:1, state:18, row:8, col:0
lex_external state:2, row:8, column:0
  consume character:'.'
  consume character:'.'
  consume character:'.'
  consume character:'.'
  consume character:10
lexed_lookahead sym:LITERAL_FENCE_START, size:5
reduce sym:source_file_repeat1, child_count:2
shift state:809
process version:0, version_count:1, state:809, row:9, col:0
lex_external state:17, row:9, column:0
  consume character:'T'
  consume character:'h'
  consume character:'i'
  consume character:'s'
  consume character:' '
  consume character:'i'
  consume character:'s'
  consume character:' '
  consume character:'l'
  consume character:'i'
  consume character:'t'
  consume character:'e'
  consume character:'r'
  consume character:'a'
  consume character:'l'
  consume character:' '
  consume character:'c'
  consume character:'o'
  consume character:'n'
  consume character:'t'
  consume character:'e'
  consume character:'n'
  consume character:'t'
  consume character:'.'
  consume character:10
lexed_lookahead sym:DELIMITED_BLOCK_CONTENT_LINE, size:25
reduce sym:literal_open, child_count:1
shift state:812
process version:0, version_count:1, state:812, row:10, col:0
lex_external state:17, row:10, column:0
  consume character:' '
  consume character:' '
  consume character:'W'
  consume character:'i'
  consume character:'t'
  consume character:'h'
  consume character:' '
  consume character:'p'
  consume character:'r'
  consume character:'e'
  consume character:'s'
  consume character:'e'
  consume character:'r'
  consume character:'v'
  consume character:'e'
  consume character:'d'
  consume character:' '
  consume character:'f'
  consume character:'o'
  consume character:'r'
  consume character:'m'
  consume character:'a'
  consume character:'t'
  consume character:'t'
  consume character:'i'
  consume character:'n'
  consume character:'g'
  consume character:'.'
  consume character:10
lexed_lookahead sym:DELIMITED_BLOCK_CONTENT_LINE, size:29
reduce sym:content_line, child_count:1
shift state:812
process version:0, version_count:1, state:812, row:11, col:0
lex_external state:17, row:11, column:0
  consume character:'.'
  consume character:'.'
  consume character:'.'
  consume character:'.'
  consume character:10
lexed_lookahead sym:LITERAL_FENCE_END, size:5
reduce sym:content_line, child_count:1
reduce sym:block_content_repeat1, child_count:2
reduce sym:block_content, child_count:1
shift state:366
process version:0, version_count:1, state:366, row:12, col:0
lex_external state:2, row:12, column:0
lex_internal state:235, row:12, column:0
  consume character:10
lexed_lookahead sym:_blank_line, size:1
reduce sym:literal_close, child_count:1
reduce sym:literal_block, child_count:3
reduce sym:block_admonition, child_count:1
reduce sym:source_file_repeat1, child_count:2
shift state:18
process version:0, version_count:1, state:18, row:13, col:0
lex_external state:2, row:13, column:0
lex_internal state:235, row:13, column:0
  consume character:'['
lexed_lookahead sym:plain_left_bracket, size:1
reduce sym:source_file_repeat1, child_count:2
shift state:283
process version:0, version_count:1, state:283, row:13, col:1
lex_external state:2, row:13, column:1
lex_internal state:232, row:13, column:1
  consume character:'C'
  consume character:'A'
  consume character:'U'
  consume character:'T'
  consume character:'I'
  consume character:'O'
  consume character:'N'
lexed_lookahead sym:_plain_text_segment, size:7
reduce sym:_inline_core_unit, child_count:1
shift state:433
process version:0, version_count:1, state:433, row:13, col:8
lex_external state:2, row:13, column:8
lex_internal state:235, row:13, column:8
  consume character:']'
lexed_lookahead sym:plain_right_bracket, size:1
reduce sym:plain_text, child_count:1
shift state:92
process version:0, version_count:1, state:92, row:13, col:9
lex_external state:2, row:13, column:9
lex_internal state:235, row:13, column:9
  consume character:10
lexed_lookahead sym:_blank_line, size:1
reduce sym:inline_seq_nonempty_repeat1, child_count:2
reduce sym:inline_seq_nonempty, child_count:2
reduce sym:_inline_text, child_count:1
reduce sym:paragraph, child_count:1
reduce sym:source_file_repeat1, child_count:2
shift state:18
process version:0, version_count:1, state:18, row:14, col:0
lex_external state:2, row:14, column:0
  consume character:'*'
  consume character:'*'
  consume character:'*'
  consume character:'*'
  consume character:10
lexed_lookahead sym:SIDEBAR_FENCE_START, size:1
reduce sym:source_file_repeat1, child_count:2
shift state:811
process version:0, version_count:1, state:811, row:14, col:1
lex_external state:12, row:14, column:1
  consume character:'*'
  consume character:'*'
  consume character:'*'
  consume character:10
lexed_lookahead sym:DELIMITED_BLOCK_CONTENT_LINE, size:4
reduce sym:sidebar_open, child_count:1
shift state:808
process version:0, version_count:1, state:808, row:15, col:0
lex_external state:12, row:15, column:0
  consume character:'T'
  consume character:'h'
  consume character:'i'
  consume character:'s'
  consume character:' '
  consume character:'i'
  consume character:'s'
  consume character:' '
  consume character:'a'
  consume character:' '
  consume character:'s'
  consume character:'i'
  consume character:'d'
  consume character:'e'
  consume character:'b'
  consume character:'a'
  consume character:'r'
  consume character:' '
  consume character:'a'
  consume character:'d'
  consume character:'m'
  consume character:'o'
  consume character:'n'
  consume character:'i'
  consume character:'t'
  consume character:'i'
  consume character:'o'
  consume character:'n'
  consume character:'.'
  consume character:10
lexed_lookahead sym:DELIMITED_BLOCK_CONTENT_LINE, size:30
reduce sym:content_line, child_count:1
shift state:808
process version:0, version_count:1, state:808, row:16, col:0
lex_external state:12, row:16, column:0
  consume character:'*'
  consume character:'*'
  consume character:'*'
  consume character:'*'
  consume character:10
lexed_lookahead sym:SIDEBAR_FENCE_END, size:1
reduce sym:content_line, child_count:1
reduce sym:block_content_repeat1, child_count:2
reduce sym:block_content, child_count:1
shift state:368
process version:0, version_count:1, state:368, row:16, col:1
lex_external state:2, row:16, column:1
lex_internal state:235, row:16, column:1
  consume character:'*'
  consume character:'*'
lexed_lookahead sym:strong_open, size:2
reduce sym:sidebar_close, child_count:1
reduce sym:sidebar_block, child_count:3
reduce sym:block_admonition, child_count:1
reduce sym:source_file_repeat1, child_count:2
shift state:611
process version:0, version_count:1, state:611, row:16, col:3
lex_internal state:63, row:16, column:3
  consume character:'*'
lex_external state:1, row:16, column:3
lex_internal state:0, row:16, column:3
  consume character:'*'
lexed_lookahead sym:plain_asterisk, size:1
detect_error lookahead:plain_asterisk
resume version:0
recover_to_previous state:16, depth:2
skip_token symbol:plain_asterisk
process version:0, version_count:2, state:0, row:16, col:4
lex_external state:1, row:16, column:4
lex_internal state:0, row:16, column:4
  consume character:10
lexed_lookahead sym:_blank_line, size:1
recover_to_previous state:16, depth:3
skip_token symbol:_blank_line
process version:1, version_count:3, state:16, row:16, col:3
lex_external state:2, row:16, column:3
lex_internal state:235, row:16, column:3
  consume character:'*'
lexed_lookahead sym:plain_asterisk, size:1
shift state:102
process version:1, version_count:3, state:102, row:16, col:4
lex_external state:2, row:16, column:4
lex_internal state:238, row:16, column:4
  consume character:10
lexed_lookahead sym:_blank_line, size:1
reduce sym:_inline_core_unit, child_count:1
reduce sym:inline_seq_nonempty, child_count:1
reduce sym:_inline_text, child_count:1
reduce sym:paragraph, child_count:1
reduce sym:source_file_repeat1, child_count:2
shift state:18
process version:2, version_count:3, state:16, row:16, col:4
lex_external state:2, row:16, column:4
lex_internal state:235, row:16, column:4
  consume character:10
lexed_lookahead sym:_blank_line, size:1
shift state:18
condense
process version:0, version_count:2, state:18, row:17, col:0
lex_external state:2, row:17, column:0
lex_internal state:235, row:17, column:0
lexed_lookahead sym:end, size:0
reduce sym:source_file_repeat1, child_count:2
reduce sym:source_file, child_count:1
accept
process version:1, version_count:2, state:18, row:17, col:0
reduce sym:source_file_repeat1, child_count:2
reduce sym:source_file, child_count:1
accept
select_smaller_error symbol:source_file, over_symbol:source_file
done
new_parse
process version:0, version_count:1, state:1, row:0, col:0
lex_external state:2, row:0, column:0
lex_internal state:233, row:0, column:0
  consume character:10
lexed_lookahead sym:_blank_line, size:1
shift state:16
process version:0, version_count:1, state:16, row:1, col:0
lex_external state:2, row:1, column:0
lex_internal state:235, row:1, column:0
  consume character:'N'
  consume character:'O'
  consume character:'T'
  consume character:'E'
  consume character:':'
  consume character:' '
lexed_lookahead sym:admonition_label, size:6
shift state:545
process version:0, version_count:1, state:545, row:1, col:6
lex_external state:6, row:1, column:6
lex_internal state:30, row:1, column:6
  consume character:'T'
  consume character:'h'
  consume character:'i'
  consume character:'s'
lexed_lookahead sym:_plain_text_segment, size:4
shift state:433
process version:0, version_count:1, state:433, row:1, col:10
lex_external state:2, row:1, column:10
  consume character:' '
lex_internal state:235, row:1, column:10
  consume character:' '
  consume character:'n'
  consume character:'o'
  consume character:'t'
  consume character:'e'
lexed_lookahead sym:_plain_text_segment, size:5
reduce sym:plain_text, child_count:1
shift state:433
process version:0, version_count:1, state:433, row:1, col:15
lex_external state:2, row:1, column:15
  consume character:' '
lex_internal state:235, row:1, column:15
  consume character:' '
  consume character:'c'
  consume character:'o'
  consume character:'n'
  consume character:'t'
  consume character:'a'
  consume character:'i'
  consume character:'n'
  consume character:'s'
lexed_lookahead sym:_plain_text_segment, size:9
reduce sym:plain_text, child_count:1
shift state:433
process version:0, version_count:1, state:433, row:1, col:24
lex_external state:2, row:1, column:24
  consume character:' '
lex_internal state:235, row:1, column:24
  consume character:' '
  consume character:'a'
lexed_lookahead sym:_plain_text_segment, size:2
reduce sym:plain_text, child_count:1
reduce sym:inline_seq_nonempty_repeat1, child_count:2
shift state:433
process version:0, version_count:1, state:433, row:1, col:26
lex_external state:2, row:1, column:26
  consume character:' '
lex_internal state:235, row:1, column:26
  consume character:' '
  consume character:'c'
  consume character:'r'
  consume character:'o'
  consume character:'s'
  consume character:'s'
  consume character:'-'
  consume character:'r'
  consume character:'e'
  consume character:'f'
  consume character:'e'
  consume character:'r'
  consume character:'e'
  consume character:'n'
  consume character:'c'
  consume character:'e'
lexed_lookahead sym:_plain_text_segment, size:6
reduce sym:plain_text, child_count:1
reduce sym:inline_seq_nonempty_repeat1, child_count:2
shift state:433
process version:0, version_count:1, state:433, row:1, col:32
lex_external state:2, row:1, column:32
lex_internal state:235, row:1, column:32
  consume character:'-'
  consume character:'r'
  consume character:'e'
  consume character:'f'
  consume character:'e'
  consume character:'r'
  consume character:'e'
  consume character:'n'
  consume character:'c'
  consume character:'e'
lexed_lookahead sym:plain_dash, size:1
reduce sym:plain_text, child_count:1
reduce sym:inline_seq_nonempty_repeat1, child_count:2
shift state:92
process version:0, version_count:1, state:92, row:1, col:33
lex_external state:2, row:1, column:33
lex_internal state:235, row:1, column:33
  consume character:'r'
  consume character:'e'
  consume character:'f'
  consume character:'e'
  consume character:'r'
  consume character:'e'
  consume character:'n'
  consume character:'c'
  consume character:'e'
lexed_lookahead sym:_plain_text_segment, size:9
reduce sym:inline_seq_nonempty_repeat1, child_count:2
shift state:433
process version:0, version_count:1, state:433, row:1, col:42
lex_external state:2, row:1, column:42
  consume character:' '
  consume character:'<'
  consume character:'<'
  consume character:'s'
  consume character:'e'
  consume character:'c'
  consume character:'t'
  consume character:'i'
  consume character:'o'
  consume character:'n'
  consume character:'-'
  consume character:'i'
  consume character:'d'
  consume character:'>'
lexed_lookahead sym:INTERNAL_XREF_OPEN, size:3
reduce sym:plain_text, child_count:1
reduce sym:inline_seq_nonempty_repeat1, child_count:2
shift state:1245
process version:0, version_count:1, state:1245, row:1, col:45
lex_internal state:84, row:1, column:45
  consume character:'s'
  consume character:'e'
  consume character:'c'
  consume character:'t'
  consume character:'i'
  consume character:'o'
  consume character:'n'
  consume character:'-'
  consume character:'i'
  consume character:'d'
lexed_lookahead sym:xref_target, size:10
shift state:888
process version:0, version_count:1, state:888, row:1, col:55
lex_external state:25, row:1, column:55
  consume character:'>'
  consume character:'>'
lexed_lookahead sym:INTERNAL_XREF_CLOSE, size:2
shift state:200
process version:0, version_count:1, state:200, row:1, col:57
lex_external state:2, row:1, column:57
  consume character:' '
lex_internal state:234, row:1, column:57
  consume character:' '
  consume character:'i'
  consume character:'n'
lexed_lookahead sym:_plain_text_segment, size:3
reduce sym:internal_xref, child_count:3
reduce sym:inline_element, child_count:1
reduce sym:inline_seq_nonempty_repeat1, child_count:2
shift state:433
process version:0, version_count:1, state:433, row:1, col:60
lex_external state:2, row:1, column:60
  consume character:' '
lex_internal state:235, row:1, column:60
  consume character:' '
  consume character:'t'
  consume character:'h'
  consume character:'e'
lexed_lookahead sym:_plain_text_segment, size:4
reduce sym:plain_text, child_count:1
reduce sym:inline_seq_nonempty_repeat1, child_count:2
shift state:433
process version:0, version_count:1, state:433, row:1, col:64
lex_external state:2, row:1, column:64
  consume character:' '
lex_internal state:235, row:1, column:64
  consume character:' '
  consume character:'t'
  consume character:'e'
  consume character:'x'
  consume character:'t'
  consume character:'.'
lexed_lookahead sym:_plain_text_segment, size:6
reduce sym:plain_text, child_count:1
reduce sym:inline_seq_nonempty_repeat1, child_count:2
shift state:433
process version:0, version_count:1, state:433, row:1, col:70
lex_external state:2, row:1, column:70
lex_internal state:235, row:1, column:70
  consume character:10
lexed_lookahead sym:_blank_line, size:1
reduce sym:plain_text, child_count:1
reduce sym:inline_seq_nonempty_repeat1, child_count:2
reduce sym:inline_seq_nonempty, child_count:2
reduce sym:_inline_text, child_count:1
reduce sym:inline_admonition, child_count:2
reduce sym:source_file_repeat1, child_count:2
shift state:18
process version:0, version_count:1, state:18, row:2, col:0
lex_external state:2, row:2, column:0
lex_internal state:235, row:2, column:0
  consume character:10
lexed_lookahead sym:_blank_line, size:1
reduce sym:source_file_repeat1, child_count:2
shift state:18
process version:0, version_count:1, state:18, row:3, col:0
lex_external state:2, row:3, column:0
lex_internal state:235, row:3, column:0
  consume character:'T'
  consume character:'I'
  consume character:'P'
  consume character:':'
  consume character:' '
lexed_lookahead sym:admonition_label, size:5
reduce sym:source_file_repeat1, child_count:2
shift state:545
process version:0, version_count:1, state:545, row:3, col:5
lex_external state:6, row:3, column:5
lex_internal state:30, row:3, column:5
  consume character:'C'
  consume character:'h'
  consume character:'e'
  consume character:'c'
  consume character:'k'
lexed_lookahead sym:_plain_text_segment, size:5
shift state:433
process version:0, version_count:1, state:433, row:3, col:10
lex_external state:2, row:3, column:10
  consume character:' '
lex_internal state:235, row:3, column:10
  consume character:' '
  consume character:'o'
  consume character:'u'
  consume character:'t'
lexed_lookahead sym:_plain_text_segment, size:4
reduce sym:plain_text, child_count:1
shift state:433
process version:0, version_count:1, state:433, row:3, col:14
lex_external state:2, row:3, column:14
  consume character:' '
lex_internal state:235, row:3, column:14
  consume character:' '
  consume character:'t'
  consume character:'h'
  consume character:'i'
  consume character:'s'
lexed_lookahead sym:_plain_text_segment, size:5
reduce sym:plain_text, child_count:1
shift state:433
process version:0, version_count:1, state:433, row:3, col:19
lex_external state:2, row:3, column:19
  consume character:' '
lex_internal state:235, row:3, column:19
  consume character:' '
  consume character:'e'
  consume character:'x'
  consume character:'t'
  consume character:'e'
  consume character:'r'
  consume character:'n'
  consume character:'a'
  consume character:'l'
lexed_lookahead sym:_plain_text_segment, size:9
reduce sym:plain_text, child_count:1
reduce sym:inline_seq_nonempty_repeat1, child_count:2
shift state:433
process version:0, version_count:1, state:433, row:3, col:28
lex_external state:2, row:3, column:28
  consume character:' '
lex_internal state:235, row:3, column:28
  consume character:' '
  consume character:'l'
  consume character:'i'
  consume character:'n'
  consume character:'k'
lexed_lookahead sym:_plain_text_segment, size:5
reduce sym:plain_text, child_count:1
reduce sym:inline_seq_nonempty_repeat1, child_count:2
shift state:433
process version:0, version_count:1, state:433, row:3, col:33
lex_external state:2, row:3, column:33
  consume character:' '
lex_internal state:235, row:3, column:33
  consume character:' '
  consume character:'x'
  consume character:'r'
  consume character:'e'
  consume character:'f'
  consume character:':'
lexed_lookahead sym:xref:, size:6
reduce sym:plain_text, child_count:1
reduce sym:inline_seq_nonempty_repeat1, child_count:2
shift state:1315
process version:0, version_count:1, state:1315, row:3, col:39
lex_internal state:78, row:3, column:39
  consume character:'o'
  consume character:'t'
  consume character:'h'
  consume character:'e'
  consume character:'r'
  consume character:'.'
  consume character:'a'
  consume character:'d'
  consume character:'o'
  consume character:'c'
lexed_lookahead sym:ifdef_open_token1, size:10
shift state:1183
process version:0, version_count:1, state:1183, row:3, col:49
lex_internal state:36, row:3, column:49
  consume character:'['
lexed_lookahead sym:plain_left_bracket, size:1
shift state:1063
process version:0, version_count:1, state:1063, row:3, col:50
lex_internal state:1676, row:3, column:50
  consume character:'O'
  consume character:'t'
  consume character:'h'
  consume character:'e'
  consume character:'r'
  consume character:' '
  consume character:'D'
  consume character:'o'
  consume character:'c'
  consume character:'u'
  consume character:'m'
  consume character:'e'
  consume character:'n'
  consume character:'t'
lexed_lookahead sym:external_xref_token1, size:14
shift state:1277
process version:0, version_count:1, state:1277, row:3, col:64
lex_internal state:36, row:3, column:64
  consume character:']'
lexed_lookahead sym:plain_right_bracket, size:1
shift state:400
process version:0, version_count:1, state:400, row:3, col:65
lex_external state:2, row:3, column:65
  consume character:' '
lex_internal state:235, row:3, column:65
  consume character:' '
  consume character:'f'
  consume character:'o'
  consume character:'r'
lexed_lookahead sym:_plain_text_segment, size:4
reduce sym:external_xref, child_count:5
reduce sym:inline_element, child_count:1
reduce sym:inline_seq_nonempty_repeat1, child_count:2
shift state:433
process version:0, version_count:1, state:433, row:3, col:69
lex_external state:2, row:3, column:69
  consume character:' '
lex_internal state:235, row:3, column:69
  consume character:' '
  consume character:'m'
  consume character:'o'
  consume character:'r'
  consume character:'e'
lexed_lookahead sym:_plain_text_segment, size:5
reduce sym:plain_text, child_count:1
reduce sym:inline_seq_nonempty_repeat1, child_count:2
shift state:433
process version:0, version_count:1, state:433, row:3, col:74
lex_external state:2, row:3, column:74
  consume character:' '
lex_internal state:235, row:3, column:74
  consume character:' '
  consume character:'i'
  consume character:'n'
  consume character:'f'
  consume character:'o'
  consume character:'.'
lexed_lookahead sym:_plain_text_segment, size:6
reduce sym:plain_text, child_count:1
reduce sym:inline_seq_nonempty_repeat1, child_count:2
shift state:433
process version:0, version_count:1, state:433, row:3, col:80
lex_external state:2, row:3, column:80
lex_internal state:235, row:3, column:80
  consume character:10
lexed_lookahead sym:_blank_line, size:1
reduce sym:plain_text, child_count:1
reduce sym:inline_seq_nonempty_repeat1, child_count:2
reduce sym:inline_seq_nonempty, child_count:2
reduce sym:_inline_text, child_count:1
reduce sym:inline_admonition, child_count:2
reduce sym:source_file_repeat1, child_count:2
shift state:18
process version:0, version_count:1, state:18, row:4, col:0
lex_external state:2, row:4, column:0
lex_internal state:235, row:4, column:0
  consume character:10
lexed_lookahead sym:_blank_line, size:1
reduce sym:source_file_repeat1, child_count:2
shift state:18
process version:0, version_count:1, state:18, row:5, col:0
lex_external state:2, row:5, column:0
lex_internal state:235, row:5, column:0
  consume character:'I'
  consume character:'M'
  consume character:'P'
  consume character:'O'
  consume character:'R'
  consume character:'T'
  consume character:'A'
  consume character:'N'
  consume character:'T'
  consume character:':'
  consume character:' '
lexed_lookahead sym:admonition_label, size:11
reduce sym:source_file_repeat1, child_count:2
shift state:545
process version:0, version_count:1, state:545, row:5, col:11
lex_external state:6, row:5, column:11
lex_internal state:30, row:5, column:11
  consume character:'T'
  consume character:'h'
  consume character:'i'
  consume character:'s'
lexed_lookahead sym:_plain_text_segment, size:4
shift state:433
process version:0, version_count:1, state:433, row:5, col:15
lex_external state:2, row:5, column:15
  consume character:' '
lex_internal state:235, row:5, column:15
  consume character:' '
  consume character:'h'
  consume character:'a'
  consume character:'s'
lexed_lookahead sym:_plain_text_segment, size:4
reduce sym:plain_text, child_count:1
shift state:433
process version:0, version_count:1, state:433, row:5, col:19
lex_external state:2, row:5, column:19
  consume character:' '
lex_internal state:235, row:5, column:19
  consume character:' '
  consume character:'a'
lexed_lookahead sym:_plain_text_segment, size:2
reduce sym:plain_text, child_count:1
shift state:433
process version:0, version_count:1, state:433, row:5, col:21
lex_external state:2, row:5, column:21
  consume character:' '
lex_internal state:235, row:5, column:21
  consume character:' '
  consume character:'f'
  consume character:'o'
  consume character:'o'
  consume character:'t'
  consume character:'n'
  consume character:'o'
  consume character:'t'
  consume character:'e'
lexed_lookahead sym:_plain_text_segment, size:9
reduce sym:plain_text, child_count:1
reduce sym:inline_seq_nonempty_repeat1, child_count:2
shift state:433
process version:0, version_count:1, state:433, row:5, col:30
lex_external state:2, row:5, column:30
  consume character:' '
lex_internal state:235, row:5, column:30
  consume character:' '
  consume character:'f'
  consume character:'o'
  consume character:'o'
  consume character:'t'
  consume character:'n'
  consume character:'o'
  consume character:'t'
  consume character:'e'
  consume character:':'
  consume character:'['
lexed_lookahead sym:macro_name, size:11
reduce sym:plain_text, child_count:1
reduce sym:inline_seq_nonempty_repeat1, child_count:2
shift state:947
process version:0, version_count:1, state:947, row:5, col:41
lex_internal state:79, row:5, column:41
  consume character:'I'
  consume character:'m'
  consume character:'p'
  consume character:'o'
  consume character:'r'
  consume character:'t'
  consume character:'a'
  consume character:'n'
  consume character:'t'
  consume character:' '
  consume character:'f'
  consume character:'o'
  consume character:'o'
  consume character:'t'
  consume character:'n'
  consume character:'o'
  consume character:'t'
  consume character:'e'
  consume character:' '
  consume character:'t'
  consume character:'e'
  consume character:'x'
  consume character:'t'
lexed_lookahead sym:macro_body, size:23
shift state:975
process version:0, version_count:1, state:975, row:5, col:64
lex_internal state:38, row:5, column:64
  consume character:']'
lexed_lookahead sym:macro_close, size:1
shift state:522
process version:0, version_count:1, state:522, row:5, col:65
lex_external state:2, row:5, column:65
  consume character:' '
lex_internal state:235, row:5, column:65
  consume character:' '
  consume character:'f'
  consume character:'o'
  consume character:'r'
lexed_lookahead sym:_plain_text_segment, size:4
reduce sym:inline_macro, child_count:3
reduce sym:inline_seq_nonempty_repeat1, child_count:2
shift state:433
process version:0, version_count:1, state:433, row:5, col:69
lex_external state:2, row:5, column:69
  consume character:' '
lex_internal state:235, row:5, column:69
  consume character:' '
  consume character:'r'
  consume character:'e'
  consume character:'f'
  consume character:'e'
  consume character:'r'
  consume character:'e'
  consume character:'n'
  consume character:'c'
  consume character:'e'
  consume character:'.'
lexed_lookahead sym:_plain_text_segment, size:11
reduce sym:plain_text, child_count:1
reduce sym:inline_seq_nonempty_repeat1, child_count:2
shift state:433
process version:0, version_count:1, state:433, row:5, col:80
lex_external state:2, row:5, column:80
lex_internal state:235, row:5, column:80
  consume character:10
lexed_lookahead sym:_blank_line, size:1
reduce sym:plain_text, child_count:1
reduce sym:inline_seq_nonempty_repeat1, child_count:2
reduce sym:inline_seq_nonempty, child_count:2
reduce sym:_inline_text, child_count:1
reduce sym:inline_admonition, child_count:2
reduce sym:source_file_repeat1, child_count:2
shift state:18
process version:0, version_count:1, state:18, row:6, col:0
lex_external state:2, row:6, column:0
lex_internal state:235, row:6, column:0
lexed_lookahead sym:end, size:0
reduce sym:source_file_repeat1, child_count:2
reduce sym:source_file, child_count:1
accept
done
new_parse
process version:0, version_count:1, state:1, row:0, col:0
lex_external state:2, row:0, column:0
lex_internal state:233, row:0, column:0
  consume character:10
lexed_lookahead sym:_blank_line, size:1
shift state:16
process version:0, version_count:1, state:16, row:1, col:0
lex_external state:2, row:1, column:0
lex_internal state:235, row:1, column:0
  consume character:'A'
  consume character:'n'
  consume character:'o'
  consume character:'t'
  consume character:'h'
  consume character:'e'
  consume character:'r'
lexed_lookahead sym:_plain_text_segment, size:7
shift state:433
process version:0, version_count:1, state:433, row:1, col:7
lex_external state:2, row:1, column:7
  consume character:' '
lex_internal state:235, row:1, column:7
  consume character:' '
  consume character:'p'
  consume character:'a'
  consume character:'r'
  consume character:'a'
  consume character:'g'
  consume character:'r'
  consume character:'a'
  consume character:'p'
  consume character:'h'
lexed_lookahead sym:_plain_text_segment, size:10
reduce sym:plain_text, child_count:1
shift state:433
process version:0, version_count:1, state:433, row:1, col:17
lex_external state:2, row:1, column:17
  consume character:' '
lex_internal state:235, row:1, column:17
  consume character:' '
  consume character:'a'
  consume character:'f'
  consume character:'t'
  consume character:'e'
  consume character:'r'
lexed_lookahead sym:_plain_text_segment, size:6
reduce sym:plain_text, child_count:1
shift state:433
process version:0, version_count:1, state:433, row:1, col:23
lex_external state:2, row:1, column:23
  consume character:' '
lex_internal state:235, row:1, column:23
  consume character:' '
  consume character:'t'
  consume character:'h'
  consume character:'e'
lexed_lookahead sym:_plain_text_segment, size:4
reduce sym:plain_text, child_count:1
reduce sym:inline_seq_nonempty_repeat1, child_count:2
shift state:433
process version:0, version_count:1, state:433, row:1, col:27
lex_external state:2, row:1, column:27
  consume character:' '
lex_internal state:235, row:1, column:27
  consume character:' '
  consume character:'a'
  consume character:'d'
  consume character:'m'
  consume character:'o'
  consume character:'n'
  consume character:'i'
  consume character:'t'
  consume character:'i'
  consume character:'o'
  consume character:'n'
  consume character:'.'
lexed_lookahead sym:_plain_text_segment, size:12
reduce sym:plain_text, child_count:1
reduce sym:inline_seq_nonempty_repeat1, child_count:2
shift state:433
process version:0, version_count:1, state:433, row:1, col:39
lex_external state:2, row:1, column:39
lex_internal state:235, row:1, column:39
  consume character:10
lexed_lookahead sym:_blank_line, size:1
reduce sym:plain_text, child_count:1
reduce sym:inline_seq_nonempty_repeat1, child_count:2
reduce sym:inline_seq_nonempty, child_count:2
reduce sym:_inline_text, child_count:1
reduce sym:paragraph, child_count:1
reduce sym:source_file_repeat1, child_count:2
shift state:18
process version:0, version_count:1, state:18, row:2, col:0
lex_external state:2, row:2, column:0
lex_internal state:235, row:2, column:0
lexed_lookahead sym:end, size:0
reduce sym:source_file_repeat1, child_count:2
reduce sym:source_file, child_count:1
accept
done
new_parse
process version:0, version_count:1, state:1, row:0, col:0
lex_external state:2, row:0, column:0
lex_internal state:233, row:0, column:0
  consume character:10
lexed_lookahead sym:_blank_line, size:1
shift state:16
process version:0, version_count:1, state:16, row:1, col:0
lex_external state:2, row:1, column:0
lex_internal state:235, row:1, column:0
  consume character:'N'
  consume character:'O'
  consume character:'T'
  consume character:'E'
  consume character:':'
  consume character:' '
lexed_lookahead sym:admonition_label, size:6
shift state:545
process version:0, version_count:1, state:545, row:1, col:6
lex_external state:6, row:1, column:6
lex_internal state:30, row:1, column:6
  consume character:'T'
  consume character:'h'
  consume character:'i'
  consume character:'s'
lexed_lookahead sym:_plain_text_segment, size:4
shift state:433
process version:0, version_count:1, state:433, row:1, col:10
lex_external state:2, row:1, column:10
  consume character:' '
lex_internal state:235, row:1, column:10
  consume character:' '
  consume character:'i'
  consume character:'s'
lexed_lookahead sym:_plain_text_segment, size:3
reduce sym:plain_text, child_count:1
shift state:433
process version:0, version_count:1, state:433, row:1, col:13
lex_external state:2, row:1, column:13
  consume character:' '
lex_internal state:235, row:1, column:13
  consume character:' '
  consume character:'a'
lexed_lookahead sym:_plain_text_segment, size:2
reduce sym:plain_text, child_count:1
shift state:433
process version:0, version_count:1, state:433, row:1, col:15
lex_external state:2, row:1, column:15
  consume character:' '
lex_internal state:235, row:1, column:15
  consume character:' '
  consume character:'v'
  consume character:'a'
  consume character:'l'
  consume character:'i'
  consume character:'d'
lexed_lookahead sym:_plain_text_segment, size:6
reduce sym:plain_text, child_count:1
reduce sym:inline_seq_nonempty_repeat1, child_count:2
shift state:433
process version:0, version_count:1, state:433, row:1, col:21
lex_external state:2, row:1, column:21
  consume character:' '
lex_internal state:235, row:1, column:21
  consume character:' '
  consume character:'a'
  consume character:'d'
  consume character:'m'
  consume character:'o'
  consume character:'n'
  consume character:'i'
  consume character:'t'
  consume character:'i'
  consume character:'o'
  consume character:'n'
lexed_lookahead sym:_plain_text_segment, size:11
reduce sym:plain_text, child_count:1
reduce sym:inline_seq_nonempty_repeat1, child_count:2
shift state:433
process version:0, version_count:1, state:433, row:1, col:32
lex_external state:2, row:1, column:32
  consume character:' '
lex_internal state:235, row:1, column:32
  consume character:' '
  consume character:'a'
  consume character:'g'
  consume character:'a'
  consume character:'i'
  consume character:'n'
  consume character:'.'
lexed_lookahead sym:_plain_text_segment, size:7
reduce sym:plain_text, child_count:1
reduce sym:inline_seq_nonempty_repeat1, child_count:2
shift state:433
process version:0, version_count:1, state:433, row:1, col:39
lex_external state:2, row:1, column:39
lex_internal state:235, row:1, column:39
  consume character:10
lexed_lookahead sym:_blank_line, size:1
reduce sym:plain_text, child_count:1
reduce sym:inline_seq_nonempty_repeat1, child_count:2
reduce sym:inline_seq_nonempty, child_count:2
reduce sym:_inline_text, child_count:1
reduce sym:inline_admonition, child_count:2
reduce sym:source_file_repeat1, child_count:2
shift state:18
process version:0, version_count:1, state:18, row:2, col:0
lex_external state:2, row:2, column:0
lex_internal state:235, row:2, column:0
lexed_lookahead sym:end, size:0
reduce sym:source_file_repeat1, child_count:2
reduce sym:source_file, child_count:1
accept
done
