Opened log file 'cdb_min_star.log'

Microsoft (R) Windows Debugger Version 10.0.18362.1 AMD64
Copyright (c) Microsoft Corporation. All rights reserved.

CommandLine: C:\Users\bvlou\projects\tree-sitter-asciidoc\node_modules\.pnpm\tree-sitter-cli@0.25.9\node_modules\tree-sitter-cli\tree-sitter.exe parse min_star.adoc
NatVis script successfully loaded from 'C:\Program Files (x86)\Windows Kits\10\Debuggers\x64\Visualizers\atlmfc.natvis'
NatVis script successfully loaded from 'C:\Program Files (x86)\Windows Kits\10\Debuggers\x64\Visualizers\concurrency.natvis'
NatVis script successfully loaded from 'C:\Program Files (x86)\Windows Kits\10\Debuggers\x64\Visualizers\cpp_rest.natvis'
NatVis script successfully loaded from 'C:\Program Files (x86)\Windows Kits\10\Debuggers\x64\Visualizers\stl.natvis'
NatVis script successfully loaded from 'C:\Program Files (x86)\Windows Kits\10\Debuggers\x64\Visualizers\Windows.Data.Json.natvis'
NatVis script successfully loaded from 'C:\Program Files (x86)\Windows Kits\10\Debuggers\x64\Visualizers\Windows.Devices.Geolocation.natvis'
NatVis script successfully loaded from 'C:\Program Files (x86)\Windows Kits\10\Debuggers\x64\Visualizers\Windows.Devices.Sensors.natvis'
NatVis script successfully loaded from 'C:\Program Files (x86)\Windows Kits\10\Debuggers\x64\Visualizers\Windows.Media.natvis'
NatVis script successfully loaded from 'C:\Program Files (x86)\Windows Kits\10\Debuggers\x64\Visualizers\windows.natvis'
NatVis script successfully loaded from 'C:\Program Files (x86)\Windows Kits\10\Debuggers\x64\Visualizers\winrt.natvis'
Symbol search path is: srv*
Executable search path is: 
ModLoad: 00007ff6`880a0000 00007ff6`88e9f000   tree_sitter.exe
ModLoad: 00007ffd`52ee0000 00007ffd`53147000   ntdll.dll
ModLoad: 00007ffd`51640000 00007ffd`51709000   C:\WINDOWS\System32\KERNEL32.DLL
ModLoad: 00007ffd`50180000 00007ffd`50570000   C:\WINDOWS\System32\KERNELBASE.dll
ModLoad: 00007ffd`50850000 00007ffd`508e9000   C:\WINDOWS\System32\bcryptprimitives.dll
ModLoad: 00007ffd`52b10000 00007ffd`52b7a000   C:\WINDOWS\System32\SHLWAPI.dll
ModLoad: 00007ffd`50d20000 00007ffd`50dc9000   C:\WINDOWS\System32\msvcrt.dll
ModLoad: 00007ffd`528f0000 00007ffd`529a4000   C:\WINDOWS\System32\ADVAPI32.dll
ModLoad: 00007ffd`51810000 00007ffd`518b6000   C:\WINDOWS\System32\sechost.dll
ModLoad: 00007ffd`518c0000 00007ffd`519d8000   C:\WINDOWS\System32\RPCRT4.dll
ModLoad: 00007ffd`525f0000 00007ffd`52790000   C:\WINDOWS\System32\ole32.dll
ModLoad: 00007ffd`500d0000 00007ffd`50173000   C:\WINDOWS\System32\msvcp_win.dll
ModLoad: 00007ffd`50580000 00007ffd`506cb000   C:\WINDOWS\System32\ucrtbase.dll
ModLoad: 00007ffd`52ae0000 00007ffd`52b0b000   C:\WINDOWS\System32\GDI32.dll
ModLoad: 00007ffd`508f0000 00007ffd`50917000   C:\WINDOWS\System32\win32u.dll
ModLoad: 00007ffd`50920000 00007ffd`50a58000   C:\WINDOWS\System32\gdi32full.dll
ModLoad: 00007ffd`51260000 00007ffd`51425000   C:\WINDOWS\System32\USER32.dll
ModLoad: 00007ffd`519e0000 00007ffd`51d65000   C:\WINDOWS\System32\combase.dll
ModLoad: 00007ffd`52500000 00007ffd`525e0000   C:\WINDOWS\System32\OLEAUT32.dll
ModLoad: 00007ffd`527a0000 00007ffd`52814000   C:\WINDOWS\System32\ws2_32.dll
ModLoad: 00007ffd`51da0000 00007ffd`524ed000   C:\WINDOWS\System32\shell32.dll
ModLoad: 00007ffd`506d0000 00007ffd`50843000   C:\WINDOWS\System32\wintypes.dll
ModLoad: 00007ffd`0a2a0000 00007ffd`0a2be000   C:\WINDOWS\SYSTEM32\VCRUNTIME140.dll
ModLoad: 00007ffd`4ff00000 00007ffd`4ff26000   C:\WINDOWS\SYSTEM32\bcrypt.dll
ModLoad: 00007ffd`4f600000 00007ffd`4f60c000   C:\WINDOWS\SYSTEM32\CRYPTBASE.DLL
(2dc4.5058): Break instruction exception - code 80000003 (first chance)
ntdll!LdrpDoDebuggerBreak+0x35:
00007ffd`53004199 cc              int     3
0:000> .symfix; .reload; sxe av; g; .ecxr; kb; q
Reloading current modules
.........................
ModLoad: 00007ffd`529b0000 00007ffd`529df000   C:\WINDOWS\System32\IMM32.DLL
ModLoad: 00007ffd`09ea0000 00007ffd`09f4c000   C:\Users\bvlou\AppData\Local\tree-sitter\lib\asciidoc.dll
(2dc4.5058): Access violation - code c0000005 (first chance)
First chance exceptions are reported before any exception handling.
This exception may be expected and handled.
Unable to get exception context, HRESULT 0x8000FFFF
RetAddr           : Args to Child                                                           : Call Site
00000000`00000000 : 00000000`00000000 00007ff6`88a4a6b0 00000000`00000000 00000000`00000020 : 0x0
quit:
NatVis script unloaded from 'C:\Program Files (x86)\Windows Kits\10\Debuggers\x64\Visualizers\atlmfc.natvis'
NatVis script unloaded from 'C:\Program Files (x86)\Windows Kits\10\Debuggers\x64\Visualizers\concurrency.natvis'
NatVis script unloaded from 'C:\Program Files (x86)\Windows Kits\10\Debuggers\x64\Visualizers\cpp_rest.natvis'
NatVis script unloaded from 'C:\Program Files (x86)\Windows Kits\10\Debuggers\x64\Visualizers\stl.natvis'
NatVis script unloaded from 'C:\Program Files (x86)\Windows Kits\10\Debuggers\x64\Visualizers\Windows.Data.Json.natvis'
NatVis script unloaded from 'C:\Program Files (x86)\Windows Kits\10\Debuggers\x64\Visualizers\Windows.Devices.Geolocation.natvis'
NatVis script unloaded from 'C:\Program Files (x86)\Windows Kits\10\Debuggers\x64\Visualizers\Windows.Devices.Sensors.natvis'
NatVis script unloaded from 'C:\Program Files (x86)\Windows Kits\10\Debuggers\x64\Visualizers\Windows.Media.natvis'
NatVis script unloaded from 'C:\Program Files (x86)\Windows Kits\10\Debuggers\x64\Visualizers\windows.natvis'
NatVis script unloaded from 'C:\Program Files (x86)\Windows Kits\10\Debuggers\x64\Visualizers\winrt.natvis'
