new_parse
process version:0, version_count:1, state:1, row:0, col:0
lex_external state:2, row:0, column:0
lex_internal state:239, row:0, column:0
  consume character:10
lexed_lookahead sym:_blank_line, size:1
shift state:16
process version:0, version_count:1, state:16, row:1, col:0
lex_external state:2, row:1, column:0
lex_internal state:241, row:1, column:0
  consume character:'T'
  consume character:'h'
  consume character:'e'
lexed_lookahead sym:_plain_text_segment, size:3
shift state:365
process version:0, version_count:1, state:365, row:1, col:3
lex_external state:2, row:1, column:3
  skip character:' '
lex_internal state:241, row:1, column:3
  consume character:' '
  consume character:'q'
  consume character:'u'
  consume character:'a'
  consume character:'d'
  consume character:'r'
  consume character:'a'
  consume character:'t'
  consume character:'i'
  consume character:'c'
lexed_lookahead sym:_plain_text_segment, size:10
reduce sym:plain_text, child_count:1
shift state:365
process version:0, version_count:1, state:365, row:1, col:13
lex_external state:2, row:1, column:13
  skip character:' '
lex_internal state:241, row:1, column:13
  consume character:' '
  consume character:'f'
  consume character:'o'
  consume character:'r'
  consume character:'m'
  consume character:'u'
  consume character:'l'
  consume character:'a'
lexed_lookahead sym:_plain_text_segment, size:8
reduce sym:plain_text, child_count:1
shift state:365
process version:0, version_count:1, state:365, row:1, col:21
lex_external state:2, row:1, column:21
  skip character:' '
lex_internal state:241, row:1, column:21
  consume character:' '
  consume character:'i'
  consume character:'s'
lexed_lookahead sym:_plain_text_segment, size:3
reduce sym:plain_text, child_count:1
reduce sym:inline_seq_nonempty_repeat1, child_count:2
shift state:365
process version:0, version_count:1, state:365, row:1, col:24
lex_external state:2, row:1, column:24
  skip character:' '
lex_internal state:241, row:1, column:24
  consume character:' '
  consume character:'s'
  consume character:'t'
  consume character:'e'
  consume character:'m'
  consume character:':'
  consume character:'['
lexed_lookahead sym:macro_name, size:7
reduce sym:plain_text, child_count:1
reduce sym:inline_seq_nonempty_repeat1, child_count:2
shift state:891
process version:0, version_count:1, state:891, row:1, col:31
lex_internal state:80, row:1, column:31
  consume character:'x'
  consume character:' '
  consume character:'='
  consume character:' '
  consume character:'('
  consume character:'-'
  consume character:'b'
  consume character:' '
  consume character:'+'
  consume character:'-'
  consume character:' '
  consume character:'s'
  consume character:'q'
  consume character:'r'
  consume character:'t'
  consume character:'('
  consume character:'b'
  consume character:'^'
  consume character:'2'
  consume character:'-'
  consume character:'4'
  consume character:'a'
  consume character:'c'
  consume character:')'
  consume character:')'
  consume character:'/'
  consume character:'('
  consume character:'2'
  consume character:'a'
  consume character:')'
lexed_lookahead sym:macro_body, size:30
shift state:1006
process version:0, version_count:1, state:1006, row:1, col:61
lex_internal state:39, row:1, column:61
  consume character:']'
lexed_lookahead sym:macro_close, size:1
shift state:377
process version:0, version_count:1, state:377, row:1, col:62
lex_external state:2, row:1, column:62
lex_internal state:241, row:1, column:62
  consume character:'.'
lexed_lookahead sym:., size:1
reduce sym:inline_macro, child_count:3
reduce sym:inline_seq_nonempty_repeat1, child_count:2
reduce sym:inline_seq_nonempty, child_count:2
reduce sym:_inline_text, child_count:1
reduce sym:paragraph, child_count:1
reduce sym:source_file_repeat1, child_count:2
shift state:993
process version:0, version_count:1, state:993, row:1, col:63
lex_internal state:83, row:1, column:63
lex_external state:1, row:1, column:63
lex_internal state:0, row:1, column:63
  consume character:10
lexed_lookahead sym:_blank_line, size:1
detect_error lookahead:_blank_line
resume version:0
recover_to_previous state:16, depth:2
skip_token symbol:_blank_line
process version:0, version_count:2, state:0, row:2, col:0
lex_external state:1, row:2, column:0
lex_internal state:0, row:2, column:0
lexed_lookahead sym:end, size:0
recover_to_previous state:16, depth:3
recover_eof
process version:1, version_count:3, state:16, row:1, col:63
lex_external state:2, row:1, column:63
lex_internal state:241, row:1, column:63
  consume character:10
lexed_lookahead sym:_blank_line, size:1
shift state:18
process version:2, version_count:3, state:16, row:2, col:0
lex_external state:2, row:2, column:0
lex_internal state:241, row:2, column:0
lexed_lookahead sym:end, size:0
reduce sym:source_file, child_count:1
accept
select_smaller_error symbol:source_file, over_symbol:ERROR
process version:0, version_count:1, state:18, row:2, col:0
lex_external state:2, row:2, column:0
lex_internal state:241, row:2, column:0
lexed_lookahead sym:end, size:0
reduce sym:source_file_repeat1, child_count:2
reduce sym:source_file, child_count:1
accept
select_smaller_error symbol:source_file, over_symbol:source_file
done
new_parse
process version:0, version_count:1, state:1, row:0, col:0
lex_external state:2, row:0, column:0
lex_internal state:239, row:0, column:0
  consume character:10
lexed_lookahead sym:_blank_line, size:1
shift state:16
process version:0, version_count:1, state:16, row:1, col:0
lex_external state:2, row:1, column:0
lex_internal state:241, row:1, column:0
  consume character:'E'
  consume character:'i'
  consume character:'n'
  consume character:'s'
  consume character:'t'
  consume character:'e'
  consume character:'i'
  consume character:'n'
lexed_lookahead sym:_plain_text_segment, size:8
shift state:365
process version:0, version_count:1, state:365, row:1, col:8
lex_external state:2, row:1, column:8
lex_internal state:241, row:1, column:8
  consume character:'''
lexed_lookahead sym:plain_quote, size:1
reduce sym:plain_text, child_count:1
shift state:91
process version:0, version_count:1, state:91, row:1, col:9
lex_external state:2, row:1, column:9
lex_internal state:241, row:1, column:9
  consume character:'s'
lexed_lookahead sym:_plain_text_segment, size:1
shift state:365
process version:0, version_count:1, state:365, row:1, col:10
lex_external state:2, row:1, column:10
  skip character:' '
lex_internal state:241, row:1, column:10
  consume character:' '
  consume character:'e'
  consume character:'q'
  consume character:'u'
  consume character:'a'
  consume character:'t'
  consume character:'i'
  consume character:'o'
  consume character:'n'
  consume character:':'
lexed_lookahead sym:_plain_text_segment, size:9
reduce sym:plain_text, child_count:1
reduce sym:inline_seq_nonempty_repeat1, child_count:2
shift state:365
process version:0, version_count:1, state:365, row:1, col:19
lex_external state:2, row:1, column:19
lex_internal state:241, row:1, column:19
  consume character:':'
lexed_lookahead sym::, size:1
reduce sym:plain_text, child_count:1
reduce sym:inline_seq_nonempty_repeat1, child_count:2
shift state:415
process version:0, version_count:1, state:415, row:1, col:20
lex_external state:2, row:1, column:20
  skip character:' '
lex_internal state:241, row:1, column:20
  consume character:' '
  consume character:'l'
  consume character:'a'
  consume character:'t'
  consume character:'e'
  consume character:'x'
  consume character:'m'
  consume character:'a'
  consume character:'t'
  consume character:'h'
  consume character:':'
  consume character:'['
lexed_lookahead sym:macro_name, size:12
reduce sym:plain_colon, child_count:1
reduce sym:inline_seq_nonempty_repeat1, child_count:2
shift state:891
process version:0, version_count:1, state:891, row:1, col:32
lex_internal state:80, row:1, column:32
  consume character:'\'
  consume character:'s'
  consume character:'u'
  consume character:'m'
  consume character:'_'
  consume character:'{'
  consume character:'i'
  consume character:'='
  consume character:'1'
  consume character:'}'
  consume character:'^'
  consume character:'n'
  consume character:' '
  consume character:'x'
  consume character:'_'
  consume character:'i'
  consume character:' '
  consume character:'='
  consume character:' '
  consume character:'x'
  consume character:'_'
  consume character:'1'
  consume character:' '
  consume character:'+'
  consume character:' '
  consume character:'x'
  consume character:'_'
  consume character:'2'
  consume character:' '
  consume character:'+'
  consume character:' '
  consume character:'\'
  consume character:'c'
  consume character:'d'
  consume character:'o'
  consume character:'t'
  consume character:'s'
  consume character:' '
  consume character:'+'
  consume character:' '
  consume character:'x'
  consume character:'_'
  consume character:'n'
lexed_lookahead sym:macro_body, size:43
shift state:1006
process version:0, version_count:1, state:1006, row:1, col:75
lex_internal state:39, row:1, column:75
  consume character:']'
lexed_lookahead sym:macro_close, size:1
shift state:377
process version:0, version_count:1, state:377, row:1, col:76
lex_external state:2, row:1, column:76
lex_internal state:241, row:1, column:76
  consume character:10
lexed_lookahead sym:_blank_line, size:1
reduce sym:inline_macro, child_count:3
reduce sym:inline_seq_nonempty_repeat1, child_count:2
reduce sym:inline_seq_nonempty, child_count:2
reduce sym:_inline_text, child_count:1
reduce sym:paragraph, child_count:1
reduce sym:source_file_repeat1, child_count:2
shift state:18
process version:0, version_count:1, state:18, row:2, col:0
lex_external state:2, row:2, column:0
lex_internal state:241, row:2, column:0
lexed_lookahead sym:end, size:0
reduce sym:source_file_repeat1, child_count:2
reduce sym:source_file, child_count:1
accept
done
new_parse
process version:0, version_count:1, state:1, row:0, col:0
lex_external state:2, row:0, column:0
lex_internal state:239, row:0, column:0
  consume character:10
lexed_lookahead sym:_blank_line, size:1
shift state:16
process version:0, version_count:1, state:16, row:1, col:0
lex_external state:2, row:1, column:0
lex_internal state:241, row:1, column:0
  consume character:'S'
  consume character:'e'
  consume character:'r'
  consume character:'i'
  consume character:'e'
  consume character:'s'
lexed_lookahead sym:_plain_text_segment, size:6
shift state:365
process version:0, version_count:1, state:365, row:1, col:6
lex_external state:2, row:1, column:6
  skip character:' '
lex_internal state:241, row:1, column:6
  consume character:' '
  consume character:'s'
  consume character:'u'
  consume character:'m'
  consume character:':'
lexed_lookahead sym:_plain_text_segment, size:4
reduce sym:plain_text, child_count:1
shift state:365
process version:0, version_count:1, state:365, row:1, col:10
lex_external state:2, row:1, column:10
lex_internal state:241, row:1, column:10
  consume character:':'
lexed_lookahead sym::, size:1
reduce sym:plain_text, child_count:1
shift state:415
process version:0, version_count:1, state:415, row:1, col:11
lex_external state:2, row:1, column:11
  skip character:' '
lex_internal state:241, row:1, column:11
  consume character:' '
  consume character:'a'
  consume character:'s'
  consume character:'c'
  consume character:'i'
  consume character:'i'
  consume character:'m'
  consume character:'a'
  consume character:'t'
  consume character:'h'
  consume character:':'
  consume character:'['
lexed_lookahead sym:macro_name, size:12
reduce sym:plain_colon, child_count:1
reduce sym:inline_seq_nonempty_repeat1, child_count:2
shift state:891
process version:0, version_count:1, state:891, row:1, col:23
lex_internal state:80, row:1, column:23
  consume character:'s'
  consume character:'u'
  consume character:'m'
  consume character:'_'
  consume character:'('
  consume character:'i'
  consume character:'='
  consume character:'1'
  consume character:')'
  consume character:'^'
  consume character:'n'
  consume character:' '
  consume character:'x'
  consume character:'_'
  consume character:'i'
  consume character:' '
  consume character:'='
  consume character:' '
  consume character:'('
  consume character:'n'
  consume character:'('
  consume character:'n'
  consume character:'+'
  consume character:'1'
  consume character:')'
  consume character:')'
  consume character:'/'
  consume character:'2'
lexed_lookahead sym:macro_body, size:28
shift state:1006
process version:0, version_count:1, state:1006, row:1, col:51
lex_internal state:39, row:1, column:51
  consume character:']'
lexed_lookahead sym:macro_close, size:1
shift state:377
process version:0, version_count:1, state:377, row:1, col:52
lex_external state:2, row:1, column:52
lex_internal state:241, row:1, column:52
  consume character:10
lexed_lookahead sym:_blank_line, size:1
reduce sym:inline_macro, child_count:3
reduce sym:inline_seq_nonempty_repeat1, child_count:2
reduce sym:inline_seq_nonempty, child_count:2
reduce sym:_inline_text, child_count:1
reduce sym:paragraph, child_count:1
reduce sym:source_file_repeat1, child_count:2
shift state:18
process version:0, version_count:1, state:18, row:2, col:0
lex_external state:2, row:2, column:0
lex_internal state:241, row:2, column:0
lexed_lookahead sym:end, size:0
reduce sym:source_file_repeat1, child_count:2
reduce sym:source_file, child_count:1
accept
done
new_parse
process version:0, version_count:1, state:1, row:0, col:0
lex_external state:2, row:0, column:0
lex_internal state:239, row:0, column:0
  consume character:10
lexed_lookahead sym:_blank_line, size:1
shift state:16
process version:0, version_count:1, state:16, row:1, col:0
lex_external state:2, row:1, column:0
lex_internal state:241, row:1, column:0
  consume character:'C'
  consume character:'o'
  consume character:'m'
  consume character:'p'
  consume character:'a'
  consume character:'r'
  consume character:'e'
lexed_lookahead sym:_plain_text_segment, size:7
shift state:365
process version:0, version_count:1, state:365, row:1, col:7
lex_external state:2, row:1, column:7
  skip character:' '
lex_internal state:241, row:1, column:7
  consume character:' '
  consume character:'s'
  consume character:'t'
  consume character:'e'
  consume character:'m'
  consume character:':'
  consume character:'['
lexed_lookahead sym:macro_name, size:7
reduce sym:plain_text, child_count:1
shift state:891
process version:0, version_count:1, state:891, row:1, col:14
lex_internal state:80, row:1, column:14
  consume character:'a'
  consume character:'^'
  consume character:'2'
  consume character:' '
  consume character:'+'
  consume character:' '
  consume character:'b'
  consume character:'^'
  consume character:'2'
lexed_lookahead sym:macro_body, size:9
shift state:1006
process version:0, version_count:1, state:1006, row:1, col:23
lex_internal state:39, row:1, column:23
  consume character:']'
lexed_lookahead sym:macro_close, size:1
shift state:377
process version:0, version_count:1, state:377, row:1, col:24
lex_external state:2, row:1, column:24
  skip character:' '
lex_internal state:241, row:1, column:24
  consume character:' '
  consume character:'w'
  consume character:'i'
  consume character:'t'
  consume character:'h'
lexed_lookahead sym:_plain_text_segment, size:5
reduce sym:inline_macro, child_count:3
shift state:365
process version:0, version_count:1, state:365, row:1, col:29
lex_external state:2, row:1, column:29
  skip character:' '
lex_internal state:241, row:1, column:29
  consume character:' '
  consume character:'l'
  consume character:'a'
  consume character:'t'
  consume character:'e'
  consume character:'x'
  consume character:'m'
  consume character:'a'
  consume character:'t'
  consume character:'h'
  consume character:':'
  consume character:'['
lexed_lookahead sym:macro_name, size:12
reduce sym:plain_text, child_count:1
reduce sym:inline_seq_nonempty_repeat1, child_count:2
shift state:891
process version:0, version_count:1, state:891, row:1, col:41
lex_internal state:80, row:1, column:41
  consume character:'c'
  consume character:'^'
  consume character:'2'
lexed_lookahead sym:macro_body, size:3
shift state:1006
process version:0, version_count:1, state:1006, row:1, col:44
lex_internal state:39, row:1, column:44
  consume character:']'
lexed_lookahead sym:macro_close, size:1
shift state:377
process version:0, version_count:1, state:377, row:1, col:45
lex_external state:2, row:1, column:45
  skip character:' '
lex_internal state:241, row:1, column:45
  consume character:' '
  consume character:'a'
  consume character:'n'
  consume character:'d'
lexed_lookahead sym:_plain_text_segment, size:4
reduce sym:inline_macro, child_count:3
reduce sym:inline_seq_nonempty_repeat1, child_count:2
shift state:365
process version:0, version_count:1, state:365, row:1, col:49
lex_external state:2, row:1, column:49
  skip character:' '
lex_internal state:241, row:1, column:49
  consume character:' '
  consume character:'a'
  consume character:'s'
  consume character:'c'
  consume character:'i'
  consume character:'i'
  consume character:'m'
  consume character:'a'
  consume character:'t'
  consume character:'h'
  consume character:':'
  consume character:'['
lexed_lookahead sym:macro_name, size:12
reduce sym:plain_text, child_count:1
reduce sym:inline_seq_nonempty_repeat1, child_count:2
shift state:891
process version:0, version_count:1, state:891, row:1, col:61
lex_internal state:80, row:1, column:61
  consume character:'d'
  consume character:'^'
  consume character:'2'
lexed_lookahead sym:macro_body, size:3
shift state:1006
process version:0, version_count:1, state:1006, row:1, col:64
lex_internal state:39, row:1, column:64
  consume character:']'
lexed_lookahead sym:macro_close, size:1
shift state:377
process version:0, version_count:1, state:377, row:1, col:65
lex_external state:2, row:1, column:65
lex_internal state:241, row:1, column:65
  consume character:'.'
lexed_lookahead sym:., size:1
reduce sym:inline_macro, child_count:3
reduce sym:inline_seq_nonempty_repeat1, child_count:2
reduce sym:inline_seq_nonempty, child_count:2
reduce sym:_inline_text, child_count:1
reduce sym:paragraph, child_count:1
reduce sym:source_file_repeat1, child_count:2
shift state:993
process version:0, version_count:1, state:993, row:1, col:66
lex_internal state:83, row:1, column:66
lex_external state:1, row:1, column:66
lex_internal state:0, row:1, column:66
  consume character:10
lexed_lookahead sym:_blank_line, size:1
detect_error lookahead:_blank_line
resume version:0
recover_to_previous state:16, depth:2
skip_token symbol:_blank_line
process version:0, version_count:2, state:0, row:2, col:0
lex_external state:1, row:2, column:0
lex_internal state:0, row:2, column:0
lexed_lookahead sym:end, size:0
recover_to_previous state:16, depth:3
recover_eof
process version:1, version_count:3, state:16, row:1, col:66
lex_external state:2, row:1, column:66
lex_internal state:241, row:1, column:66
  consume character:10
lexed_lookahead sym:_blank_line, size:1
shift state:18
process version:2, version_count:3, state:16, row:2, col:0
lex_external state:2, row:2, column:0
lex_internal state:241, row:2, column:0
lexed_lookahead sym:end, size:0
reduce sym:source_file, child_count:1
accept
select_smaller_error symbol:source_file, over_symbol:ERROR
process version:0, version_count:1, state:18, row:2, col:0
lex_external state:2, row:2, column:0
lex_internal state:241, row:2, column:0
lexed_lookahead sym:end, size:0
reduce sym:source_file_repeat1, child_count:2
reduce sym:source_file, child_count:1
accept
select_smaller_error symbol:source_file, over_symbol:source_file
done
new_parse
process version:0, version_count:1, state:1, row:0, col:0
lex_external state:2, row:0, column:0
lex_internal state:239, row:0, column:0
  consume character:10
lexed_lookahead sym:_blank_line, size:1
shift state:16
process version:0, version_count:1, state:16, row:1, col:0
lex_external state:2, row:1, column:0
lex_internal state:241, row:1, column:0
  consume character:'I'
  consume character:'n'
  consume character:'t'
  consume character:'e'
  consume character:'g'
  consume character:'r'
  consume character:'a'
  consume character:'t'
  consume character:'i'
  consume character:'o'
  consume character:'n'
lexed_lookahead sym:_plain_text_segment, size:11
shift state:365
process version:0, version_count:1, state:365, row:1, col:11
lex_external state:2, row:1, column:11
  skip character:' '
lex_internal state:241, row:1, column:11
  consume character:' '
  consume character:'f'
  consume character:'o'
  consume character:'r'
  consume character:'m'
  consume character:'u'
  consume character:'l'
  consume character:'a'
  consume character:':'
lexed_lookahead sym:_plain_text_segment, size:8
reduce sym:plain_text, child_count:1
shift state:365
process version:0, version_count:1, state:365, row:1, col:19
lex_external state:2, row:1, column:19
lex_internal state:241, row:1, column:19
  consume character:':'
lexed_lookahead sym::, size:1
reduce sym:plain_text, child_count:1
shift state:415
process version:0, version_count:1, state:415, row:1, col:20
lex_external state:2, row:1, column:20
  skip character:' '
lex_internal state:241, row:1, column:20
  consume character:' '
  consume character:'l'
  consume character:'a'
  consume character:'t'
  consume character:'e'
  consume character:'x'
  consume character:'m'
  consume character:'a'
  consume character:'t'
  consume character:'h'
  consume character:':'
  consume character:'['
lexed_lookahead sym:macro_name, size:12
reduce sym:plain_colon, child_count:1
reduce sym:inline_seq_nonempty_repeat1, child_count:2
shift state:891
process version:0, version_count:1, state:891, row:1, col:32
lex_internal state:80, row:1, column:32
  consume character:'\'
  consume character:'i'
  consume character:'n'
  consume character:'t'
  consume character:' '
  consume character:'u'
  consume character:' '
  consume character:'\'
  consume character:','
  consume character:' '
  consume character:'d'
  consume character:'v'
  consume character:' '
  consume character:'='
  consume character:' '
  consume character:'u'
  consume character:'v'
  consume character:' '
  consume character:'-'
  consume character:' '
  consume character:'\'
  consume character:'i'
  consume character:'n'
  consume character:'t'
  consume character:' '
  consume character:'v'
  consume character:' '
  consume character:'\'
  consume character:','
  consume character:' '
  consume character:'d'
  consume character:'u'
lexed_lookahead sym:macro_body, size:32
shift state:1006
process version:0, version_count:1, state:1006, row:1, col:64
lex_internal state:39, row:1, column:64
  consume character:']'
lexed_lookahead sym:macro_close, size:1
shift state:377
process version:0, version_count:1, state:377, row:1, col:65
lex_external state:2, row:1, column:65
lex_internal state:241, row:1, column:65
  consume character:10
lexed_lookahead sym:_blank_line, size:1
reduce sym:inline_macro, child_count:3
reduce sym:inline_seq_nonempty_repeat1, child_count:2
reduce sym:inline_seq_nonempty, child_count:2
reduce sym:_inline_text, child_count:1
reduce sym:paragraph, child_count:1
reduce sym:source_file_repeat1, child_count:2
shift state:18
process version:0, version_count:1, state:18, row:2, col:0
lex_external state:2, row:2, column:0
lex_internal state:241, row:2, column:0
lexed_lookahead sym:end, size:0
reduce sym:source_file_repeat1, child_count:2
reduce sym:source_file, child_count:1
accept
done
new_parse
process version:0, version_count:1, state:1, row:0, col:0
lex_external state:2, row:0, column:0
lex_internal state:239, row:0, column:0
  consume character:10
lexed_lookahead sym:_blank_line, size:1
shift state:16
process version:0, version_count:1, state:16, row:1, col:0
lex_external state:2, row:1, column:0
lex_internal state:241, row:1, column:0
  consume character:'E'
  consume character:'m'
  consume character:'p'
  consume character:'t'
  consume character:'y'
lexed_lookahead sym:_plain_text_segment, size:5
shift state:365
process version:0, version_count:1, state:365, row:1, col:5
lex_external state:2, row:1, column:5
  skip character:' '
lex_internal state:241, row:1, column:5
  consume character:' '
  consume character:'s'
  consume character:'t'
  consume character:'e'
  consume character:'m'
  consume character:':'
  consume character:'['
lexed_lookahead sym:macro_name, size:7
reduce sym:plain_text, child_count:1
shift state:891
process version:0, version_count:1, state:891, row:1, col:12
lex_internal state:80, row:1, column:12
  consume character:']'
lexed_lookahead sym:macro_close, size:1
shift state:430
process version:0, version_count:1, state:430, row:1, col:13
lex_external state:2, row:1, column:13
  skip character:' '
lex_internal state:241, row:1, column:13
  consume character:' '
  consume character:'m'
  consume character:'a'
  consume character:'c'
  consume character:'r'
  consume character:'o'
lexed_lookahead sym:_plain_text_segment, size:6
reduce sym:inline_macro, child_count:2
shift state:365
process version:0, version_count:1, state:365, row:1, col:19
lex_external state:2, row:1, column:19
  skip character:' '
lex_internal state:241, row:1, column:19
  consume character:' '
  consume character:'s'
  consume character:'h'
  consume character:'o'
  consume character:'u'
  consume character:'l'
  consume character:'d'
lexed_lookahead sym:_plain_text_segment, size:7
reduce sym:plain_text, child_count:1
reduce sym:inline_seq_nonempty_repeat1, child_count:2
shift state:365
process version:0, version_count:1, state:365, row:1, col:26
lex_external state:2, row:1, column:26
  skip character:' '
lex_internal state:241, row:1, column:26
  consume character:' '
  consume character:'w'
  consume character:'o'
  consume character:'r'
  consume character:'k'
  consume character:'.'
lexed_lookahead sym:_plain_text_segment, size:6
reduce sym:plain_text, child_count:1
reduce sym:inline_seq_nonempty_repeat1, child_count:2
shift state:365
process version:0, version_count:1, state:365, row:1, col:32
lex_external state:2, row:1, column:32
lex_internal state:241, row:1, column:32
  consume character:10
lexed_lookahead sym:_blank_line, size:1
reduce sym:plain_text, child_count:1
reduce sym:inline_seq_nonempty_repeat1, child_count:2
reduce sym:inline_seq_nonempty, child_count:2
reduce sym:_inline_text, child_count:1
reduce sym:paragraph, child_count:1
reduce sym:source_file_repeat1, child_count:2
shift state:18
process version:0, version_count:1, state:18, row:2, col:0
lex_external state:2, row:2, column:0
lex_internal state:241, row:2, column:0
lexed_lookahead sym:end, size:0
reduce sym:source_file_repeat1, child_count:2
reduce sym:source_file, child_count:1
accept
done
