  06_unordered_lists:
     67. ✓ [32mSimple unordered list with asterisk[0m
     68. ✓ [32mSimple unordered list with hyphen[0m
     69. ✓ [32mMixed unordered list markers[0m
     70. ✓ [32mNot a list - missing space after marker[0m
     71. ✗ [31mNested list with asterisk[0m
     72. ✗ [31mNested list with hyphen[0m
     73. ✗ [31mNested list mixed (asterisk then hyphen)[0m
     74. ✗ [31mNested list mixed (hyphen then asterisk)[0m
     75. ✗ [31mThree levels of nesting[0m
     76. ✗ [31mFour levels of nesting[0m
     77. ✗ [31mMultiple nested items[0m
     78. ✗ [31mMultiple parents with nesting[0m
     79. ✗ [31mZigzag nesting[0m
     80. ✗ [31mDeep nesting return[0m

10 failures:

correct / [32mexpected[0m / [31munexpected[0m

  1. Nested list with asterisk:

    (source_file
      (unordered_list
        (unordered_list_item
          (unordered_list_marker)
          (inline_seq_nonempty
            (plain_text)
[31m            (plain_text))))
[0m[31m      (paragraph
[0m[31m        (inline_seq_nonempty
[0m[31m          (plain_asterisk)))
[0m[31m      (ERROR))[0m
[32m            (plain_text))
[0m[32m          (unordered_list
[0m[32m            (unordered_list_item
[0m[32m              (unordered_list_marker)
[0m[32m              (inline_seq_nonempty
[0m[32m                (plain_text)
[0m[32m                (plain_text)))))))[0m


  2. Nested list with hyphen:

    (source_file
      (unordered_list
        (unordered_list_item
          (unordered_list_marker)
          (inline_seq_nonempty
            (plain_text)
[31m            (plain_text))))
[0m[31m      (paragraph
[0m[31m        (inline_seq_nonempty
[0m[31m          (plain_dash)
[0m[31m          (plain_text)
[0m[31m          (plain_text))))[0m
[32m            (plain_text))
[0m[32m          (unordered_list
[0m[32m            (unordered_list_item
[0m[32m              (unordered_list_marker)
[0m[32m              (inline_seq_nonempty
[0m[32m                (plain_text)
[0m[32m                (plain_text)))))))[0m


  3. Nested list mixed (asterisk then hyphen):

    (source_file
      (unordered_list
        (unordered_list_item
          (unordered_list_marker)
          (inline_seq_nonempty
            (plain_text)
[31m            (plain_text))))
[0m[31m      (paragraph
[0m[31m        (inline_seq_nonempty
[0m[31m          (plain_dash)
[0m[31m          (plain_text)
[0m[31m          (plain_text))))[0m
[32m            (plain_text))
[0m[32m          (unordered_list
[0m[32m            (unordered_list_item
[0m[32m              (unordered_list_marker)
[0m[32m              (inline_seq_nonempty
[0m[32m                (plain_text)
[0m[32m                (plain_text)))))))[0m


  4. Nested list mixed (hyphen then asterisk):

    (source_file
      (unordered_list
        (unordered_list_item
          (unordered_list_marker)
          (inline_seq_nonempty
            (plain_text)
[31m            (plain_text))))
[0m[31m      (paragraph
[0m[31m        (inline_seq_nonempty
[0m[31m          (plain_asterisk)))
[0m[31m      (ERROR))[0m
[32m            (plain_text))
[0m[32m          (unordered_list
[0m[32m            (unordered_list_item
[0m[32m              (unordered_list_marker)
[0m[32m              (inline_seq_nonempty
[0m[32m                (plain_text)
[0m[32m                (plain_text)))))))[0m


  5. Three levels of nesting:

    (source_file
      (unordered_list
        (unordered_list_item
          (unordered_list_marker)
          (inline_seq_nonempty
            (plain_text)
[31m            (plain_text))))
[0m[31m      (paragraph
[0m[31m        (inline_seq_nonempty
[0m[31m          (inline_element
[0m[31m            (strong
[0m[31m              (strong_open)
[0m[31m              (strong_content
[0m[31m                (ERROR))
[0m[31m              (strong_close)))
[0m[31m          (plain_text)
[0m[31m          (plain_text))))[0m
[32m            (plain_text))
[0m[32m          (unordered_list
[0m[32m            (unordered_list_item
[0m[32m              (unordered_list_marker)
[0m[32m              (inline_seq_nonempty
[0m[32m                (plain_text)
[0m[32m                (plain_text))
[0m[32m              (unordered_list
[0m[32m                (unordered_list_item
[0m[32m                  (unordered_list_marker)
[0m[32m                  (inline_seq_nonempty
[0m[32m                    (plain_text)
[0m[32m                    (plain_text)))))))))[0m


  6. Four levels of nesting:

    (source_file
      (unordered_list
        (unordered_list_item
          (unordered_list_marker)
          (inline_seq_nonempty
            (plain_text)
[31m            (plain_text))))
[0m[31m      (paragraph
[0m[31m        (inline_seq_nonempty
[0m[31m          (plain_dash)
[0m[31m          (plain_text)
[0m[31m          (plain_text)))
[0m[31m      (paragraph
[0m[31m        (inline_seq_nonempty
[0m[31m          (plain_dash)
[0m[31m          (plain_text)
[0m[31m          (plain_text)))
[0m[31m      (paragraph
[0m[31m        (inline_seq_nonempty
[0m[31m          (plain_dash)
[0m[31m          (plain_text)
[0m[31m          (plain_text))))[0m
[32m            (plain_text))
[0m[32m          (unordered_list
[0m[32m            (unordered_list_item
[0m[32m              (unordered_list_marker)
[0m[32m              (inline_seq_nonempty
[0m[32m                (plain_text)
[0m[32m                (plain_text))
[0m[32m              (unordered_list
[0m[32m                (unordered_list_item
[0m[32m                  (unordered_list_marker)
[0m[32m                  (inline_seq_nonempty
[0m[32m                    (plain_text)
[0m[32m                    (plain_text))
[0m[32m                  (unordered_list
[0m[32m                    (unordered_list_item
[0m[32m                      (unordered_list_marker)
[0m[32m                      (inline_seq_nonempty
[0m[32m                        (plain_text)
[0m[32m                        (plain_text)))))))))))[0m


  7. Multiple nested items:

    (source_file
      (unordered_list
        (unordered_list_item
          (unordered_list_marker)
          (inline_seq_nonempty
            (plain_text)
[31m            (plain_text))))
[0m[31m      (paragraph
[0m[31m        (inline_seq_nonempty
[0m[31m          (inline_element
[0m[31m            (strong
[0m[31m              (strong_open)
[0m[31m              (strong_content
[0m[31m                (ERROR))
[0m[31m              (strong_close)))
[0m[31m          (plain_text)
[0m[31m          (plain_text))))[0m
[32m            (plain_text))
[0m[32m          (unordered_list
[0m[32m            (unordered_list_item
[0m[32m              (unordered_list_marker)
[0m[32m              (inline_seq_nonempty
[0m[32m                (plain_text)
[0m[32m                (plain_text)))
[0m[32m            (unordered_list_item
[0m[32m              (unordered_list_marker)
[0m[32m              (inline_seq_nonempty
[0m[32m                (plain_text)
[0m[32m                (plain_text)))))))[0m


  8. Multiple parents with nesting:

    (source_file
      (unordered_list
        (unordered_list_item
          (unordered_list_marker)
          (inline_seq_nonempty
            (plain_text)
[31m            (plain_text))))
[0m[31m      (paragraph
[0m[31m        (inline_seq_nonempty
[0m[31m          (plain_asterisk)))
[0m[31m      (ERROR)
[0m[31m      (unordered_list
[0m[32m            (plain_text))
[0m[32m          (unordered_list
[0m[32m            (unordered_list_item
[0m[32m              (unordered_list_marker)
[0m[32m              (inline_seq_nonempty
[0m[32m                (plain_text)
[0m[32m                (plain_text)))))
[0m        (unordered_list_item
          (unordered_list_marker)
          (inline_seq_nonempty
            (plain_text)
[31m            (plain_text))))
[0m[31m      (paragraph
[0m[31m        (inline_seq_nonempty
[0m[31m          (plain_asterisk)))
[0m[31m      (ERROR))[0m
[32m            (plain_text))
[0m[32m          (unordered_list
[0m[32m            (unordered_list_item
[0m[32m              (unordered_list_marker)
[0m[32m              (inline_seq_nonempty
[0m[32m                (plain_text)
[0m[32m                (plain_text)))))))[0m


  9. Zigzag nesting:

    (source_file
      (unordered_list
        (unordered_list_item
          (unordered_list_marker)
          (inline_seq_nonempty
            (plain_text)
[31m            (plain_text))))
[0m[31m      (paragraph
[0m[31m        (inline_seq_nonempty
[0m[31m          (inline_element
[0m[31m            (strong
[0m[31m              (strong_open)
[0m[31m              (strong_content
[0m[31m                (ERROR))
[0m[31m              (strong_close)))
[0m[31m          (plain_text)
[0m[31m          (plain_text)))
[0m[31m      (paragraph
[0m[31m        (inline_seq_nonempty
[0m[31m          (plain_asterisk)))
[0m[31m      (ERROR))[0m
[32m            (plain_text))
[0m[32m          (unordered_list
[0m[32m            (unordered_list_item
[0m[32m              (unordered_list_marker)
[0m[32m              (inline_seq_nonempty
[0m[32m                (plain_text)
[0m[32m                (plain_text))
[0m[32m              (unordered_list
[0m[32m                (unordered_list_item
[0m[32m                  (unordered_list_marker)
[0m[32m                  (inline_seq_nonempty
[0m[32m                    (plain_text)
[0m[32m                    (plain_text)))))
[0m[32m            (unordered_list_item
[0m[32m              (unordered_list_marker)
[0m[32m              (inline_seq_nonempty
[0m[32m                (plain_text)
[0m[32m                (plain_text)))))))[0m


  10. Deep nesting return:

    (source_file
      (unordered_list
        (unordered_list_item
          (unordered_list_marker)
          (inline_seq_nonempty
            (plain_text)
[31m            (plain_text))))
[0m[31m      (paragraph
[0m[31m        (inline_seq_nonempty
[0m[31m          (inline_element
[0m[31m            (strong
[0m[31m              (strong_open)
[0m[31m              (strong_content
[0m[31m                (ERROR))
[0m[31m              (strong_close)))
[0m[31m          (plain_text)
[0m[31m          (plain_text)))
[0m[31m      (unordered_list
[0m[32m            (plain_text))
[0m[32m          (unordered_list
[0m[32m            (unordered_list_item
[0m[32m              (unordered_list_marker)
[0m[32m              (inline_seq_nonempty
[0m[32m                (plain_text)
[0m[32m                (plain_text))
[0m[32m              (unordered_list
[0m[32m                (unordered_list_item
[0m[32m                  (unordered_list_marker)
[0m[32m                  (inline_seq_nonempty
[0m[32m                    (plain_text)
[0m[32m                    (plain_text)))))))
[0m        (unordered_list_item
          (unordered_list_marker)
          (inline_seq_nonempty
            (plain_text)
            (plain_text)))))

